0 verbose cli [
0 verbose cli   'C:\\Program Files\\nodejs\\node.exe',
0 verbose cli   'C:\\Users\\Maymuna Islam Mim\\AppData\\Roaming\\npm\\node_modules\\npm\\bin\\npm-cli.js',
0 verbose cli   'view',
0 verbose cli   '--json',
0 verbose cli   'react-scripts',
0 verbose cli   'description',
0 verbose cli   'dist-tags.latest',
0 verbose cli   'homepage',
0 verbose cli   'version'
0 verbose cli ]
1 info using npm@8.3.0
2 info using node@v14.17.6
3 timing npm:load:whichnode Completed in 55ms
4 timing config:load:defaults Completed in 3ms
5 timing config:load:file:C:\Users\Maymuna Islam Mim\AppData\Roaming\npm\node_modules\npm\npmrc Completed in 229ms
6 timing config:load:builtin Completed in 230ms
7 timing config:load:cli Completed in 88ms
8 timing config:load:env Completed in 108ms
9 timing config:load:file:c:\projects\tourist-places\.npmrc Completed in 250ms
10 timing config:load:project Completed in 251ms
11 timing config:load:file:C:\Users\Maymuna Islam Mim\.npmrc Completed in 12ms
12 timing config:load:user Completed in 12ms
13 timing config:load:file:C:\Users\Maymuna Islam Mim\AppData\Roaming\npm\etc\npmrc Completed in 1ms
14 timing config:load:global Completed in 2ms
15 timing config:load:validate Completed in 0ms
16 timing config:load:credentials Completed in 50ms
17 timing config:load:setEnvs Completed in 2ms
18 timing config:load Completed in 747ms
19 timing npm:load:configload Completed in 747ms
20 timing npm:load:setTitle Completed in 25ms
21 timing config:load:flatten Completed in 77ms
22 timing npm:load:display Completed in 79ms
0 verbose cli [
0 verbose cli   'C:\\Program Files\\nodejs\\node.exe',
0 verbose cli   'C:\\Users\\Maymuna Islam Mim\\AppData\\Roaming\\npm\\node_modules\\npm\\bin\\npm-cli.js',
0 verbose cli   'view',
0 verbose cli   '--json',
0 verbose cli   'react-dom',
0 verbose cli   'description',
0 verbose cli   'dist-tags.latest',
0 verbose cli   'homepage',
0 verbose cli   'version'
0 verbose cli ]
1 info using npm@8.3.0
2 info using node@v14.17.6
3 timing npm:load:whichnode Completed in 0ms
4 timing config:load:defaults Completed in 3ms
5 timing config:load:file:C:\Users\Maymuna Islam Mim\AppData\Roaming\npm\node_modules\npm\npmrc Completed in 298ms
6 timing config:load:builtin Completed in 298ms
7 timing config:load:cli Completed in 83ms
8 timing config:load:env Completed in 113ms
9 timing config:load:file:c:\projects\tourist-places\.npmrc Completed in 246ms
10 timing config:load:project Completed in 248ms
11 timing config:load:file:C:\Users\Maymuna Islam Mim\.npmrc Completed in 5ms
12 timing config:load:user Completed in 5ms
13 timing config:load:file:C:\Users\Maymuna Islam Mim\AppData\Roaming\npm\etc\npmrc Completed in 4ms
14 timing config:load:global Completed in 5ms
15 timing config:load:validate Completed in 0ms
16 timing config:load:credentials Completed in 64ms
17 timing config:load:setEnvs Completed in 2ms
18 timing config:load Completed in 821ms
19 timing npm:load:configload Completed in 821ms
20 timing npm:load:setTitle Completed in 13ms
21 timing config:load:flatten Completed in 81ms
22 timing npm:load:display Completed in 83ms
23 verbose logfile c:\projects\tourist-places\_logs\2022-01-24T17_44_30_535Z-debug-0.log
24 timing npm:load:logFile Completed in 750ms
25 timing npm:load:timers Completed in 0ms
26 timing npm:load:configScope Completed in 0ms
27 timing npm:load Completed in 1668ms
23 verbose logfile c:\projects\tourist-places\_logs\2022-01-24T17_44_30_535Z-debug-0.log
24 timing npm:load:logFile Completed in 756ms
25 timing npm:load:timers Completed in 0ms
26 timing npm:load:configScope Completed in 0ms
27 timing npm:load Completed in 1664ms
28 silly logfile start cleaning logs, removing 8 files
28 silly logfile start cleaning logs, removing 8 files
29 timing command:view Completed in 12259ms
30 verbose exit 0
31 timing npm Completed in 43948ms
32 info ok
29 timing command:view Completed in 33985ms
30 verbose exit 0
31 timing npm Completed in 65676ms
32 info ok
