0 verbose cli [
0 verbose cli   'C:\\Program Files\\nodejs\\node.exe',
0 verbose cli   'C:\\Users\\Maymuna Islam Mim\\AppData\\Roaming\\npm\\node_modules\\npm\\bin\\npm-cli.js',
0 verbose cli   'install',
0 verbose cli   'react-hook-form'
0 verbose cli ]
1 info using npm@8.3.0
2 info using node@v14.17.6
3 timing npm:load:whichnode Completed in 1ms
4 timing config:load:defaults Completed in 3ms
5 timing config:load:file:C:\Users\Maymuna Islam Mim\AppData\Roaming\npm\node_modules\npm\npmrc Completed in 16ms
6 timing config:load:builtin Completed in 16ms
7 timing config:load:cli Completed in 3ms
8 timing config:load:env Completed in 0ms
9 timing config:load:file:C:\projects\tourist-places\.npmrc Completed in 1ms
10 timing config:load:project Completed in 2ms
11 timing config:load:file:C:\Users\Maymuna Islam Mim\.npmrc Completed in 1ms
12 timing config:load:user Completed in 1ms
13 timing config:load:file:C:\Users\Maymuna Islam Mim\AppData\Roaming\npm\etc\npmrc Completed in 0ms
14 timing config:load:global Completed in 0ms
15 timing config:load:validate Completed in 1ms
16 timing config:load:credentials Completed in 2ms
17 timing config:load:setEnvs Completed in 1ms
18 timing config:load Completed in 29ms
19 timing npm:load:configload Completed in 29ms
20 timing npm:load:setTitle Completed in 1ms
21 timing config:load:flatten Completed in 5ms
22 timing npm:load:display Completed in 8ms
23 verbose logfile C:\projects\tourist-places\_logs\2022-01-25T17_59_01_940Z-debug-0.log
24 timing npm:load:logFile Completed in 12ms
25 timing npm:load:timers Completed in 0ms
26 timing npm:load:configScope Completed in 0ms
27 timing npm:load Completed in 51ms
28 timing arborist:ctor Completed in 1ms
29 silly logfile start cleaning logs, removing 1 files
30 timing idealTree:init Completed in 5253ms
31 timing idealTree:userRequests Completed in 21ms
32 silly idealTree buildDeps
33 silly fetch manifest react-hook-form@*
34 timing arborist:ctor Completed in 0ms
35 http fetch GET 200 https://registry.npmjs.org/react-hook-form 33617ms (cache miss)
36 silly fetch manifest react@^17.0.2
37 http fetch GET 200 https://registry.npmjs.org/react 32867ms (cache updated)
38 silly placeDep ROOT react-hook-form@7.25.0 OK for: tourist-places@0.1.0 want: *
39 timing idealTree:#root Completed in 66603ms
40 timing idealTree:node_modules/react-hook-form Completed in 0ms
41 timing idealTree:buildDeps Completed in 66613ms
42 timing idealTree:fixDepFlags Completed in 84ms
43 timing idealTree Completed in 72057ms
44 timing reify:loadTrees Completed in 72059ms
45 timing reify:diffTrees Completed in 543ms
46 silly reify moves {}
47 timing reify:retireShallow Completed in 2ms
48 timing reify:createSparse Completed in 8ms
49 timing reify:loadBundles Completed in 0ms
50 silly audit bulk request {
50 silly audit   '@babel/code-frame': [ '7.16.7' ],
50 silly audit   '@babel/compat-data': [ '7.16.8' ],
50 silly audit   '@babel/core': [ '7.16.10' ],
50 silly audit   semver: [ '6.3.0', '7.0.0', '7.3.5' ],
50 silly audit   '@babel/eslint-parser': [ '7.16.5' ],
50 silly audit   'eslint-scope': [ '5.1.1', '7.1.0' ],
50 silly audit   'eslint-visitor-keys': [ '2.1.0', '3.2.0' ],
50 silly audit   estraverse: [ '4.3.0', '5.3.0' ],
50 silly audit   '@babel/generator': [ '7.16.8' ],
50 silly audit   '@babel/helper-annotate-as-pure': [ '7.16.7' ],
50 silly audit   '@babel/helper-builder-binary-assignment-operator-visitor': [ '7.16.7' ],
50 silly audit   '@babel/helper-compilation-targets': [ '7.16.7' ],
50 silly audit   '@babel/helper-create-class-features-plugin': [ '7.16.10' ],
50 silly audit   '@babel/helper-create-regexp-features-plugin': [ '7.16.7' ],
50 silly audit   '@babel/helper-define-polyfill-provider': [ '0.3.1' ],
50 silly audit   '@babel/helper-environment-visitor': [ '7.16.7' ],
50 silly audit   '@babel/helper-explode-assignable-expression': [ '7.16.7' ],
50 silly audit   '@babel/helper-function-name': [ '7.16.7' ],
50 silly audit   '@babel/helper-get-function-arity': [ '7.16.7' ],
50 silly audit   '@babel/helper-hoist-variables': [ '7.16.7' ],
50 silly audit   '@babel/helper-member-expression-to-functions': [ '7.16.7' ],
50 silly audit   '@babel/helper-module-imports': [ '7.16.7' ],
50 silly audit   '@babel/helper-module-transforms': [ '7.16.7' ],
50 silly audit   '@babel/helper-optimise-call-expression': [ '7.16.7' ],
50 silly audit   '@babel/helper-plugin-utils': [ '7.16.7' ],
50 silly audit   '@babel/helper-remap-async-to-generator': [ '7.16.8' ],
50 silly audit   '@babel/helper-replace-supers': [ '7.16.7' ],
50 silly audit   '@babel/helper-simple-access': [ '7.16.7' ],
50 silly audit   '@babel/helper-skip-transparent-expression-wrappers': [ '7.16.0' ],
50 silly audit   '@babel/helper-split-export-declaration': [ '7.16.7' ],
50 silly audit   '@babel/helper-validator-identifier': [ '7.16.7' ],
50 silly audit   '@babel/helper-validator-option': [ '7.16.7' ],
50 silly audit   '@babel/helper-wrap-function': [ '7.16.8' ],
50 silly audit   '@babel/helpers': [ '7.16.7' ],
50 silly audit   '@babel/highlight': [ '7.16.10' ],
50 silly audit   '@babel/parser': [ '7.16.10' ],
50 silly audit   '@babel/plugin-bugfix-safari-id-destructuring-collision-in-function-expression': [ '7.16.7' ],
50 silly audit   '@babel/plugin-bugfix-v8-spread-parameters-in-optional-chaining': [ '7.16.7' ],
50 silly audit   '@babel/plugin-proposal-async-generator-functions': [ '7.16.8' ],
50 silly audit   '@babel/plugin-proposal-class-properties': [ '7.16.7' ],
50 silly audit   '@babel/plugin-proposal-class-static-block': [ '7.16.7' ],
50 silly audit   '@babel/plugin-proposal-decorators': [ '7.16.7' ],
50 silly audit   '@babel/plugin-proposal-dynamic-import': [ '7.16.7' ],
50 silly audit   '@babel/plugin-proposal-export-namespace-from': [ '7.16.7' ],
50 silly audit   '@babel/plugin-proposal-json-strings': [ '7.16.7' ],
50 silly audit   '@babel/plugin-proposal-logical-assignment-operators': [ '7.16.7' ],
50 silly audit   '@babel/plugin-proposal-nullish-coalescing-operator': [ '7.16.7' ],
50 silly audit   '@babel/plugin-proposal-numeric-separator': [ '7.16.7' ],
50 silly audit   '@babel/plugin-proposal-object-rest-spread': [ '7.16.7' ],
50 silly audit   '@babel/plugin-proposal-optional-catch-binding': [ '7.16.7' ],
50 silly audit   '@babel/plugin-proposal-optional-chaining': [ '7.16.7' ],
50 silly audit   '@babel/plugin-proposal-private-methods': [ '7.16.11' ],
50 silly audit   '@babel/plugin-proposal-private-property-in-object': [ '7.16.7' ],
50 silly audit   '@babel/plugin-proposal-unicode-property-regex': [ '7.16.7' ],
50 silly audit   '@babel/plugin-syntax-async-generators': [ '7.8.4' ],
50 silly audit   '@babel/plugin-syntax-bigint': [ '7.8.3' ],
50 silly audit   '@babel/plugin-syntax-class-properties': [ '7.12.13' ],
50 silly audit   '@babel/plugin-syntax-class-static-block': [ '7.14.5' ],
50 silly audit   '@babel/plugin-syntax-decorators': [ '7.16.7' ],
50 silly audit   '@babel/plugin-syntax-dynamic-import': [ '7.8.3' ],
50 silly audit   '@babel/plugin-syntax-export-namespace-from': [ '7.8.3' ],
50 silly audit   '@babel/plugin-syntax-flow': [ '7.16.7' ],
50 silly audit   '@babel/plugin-syntax-import-meta': [ '7.10.4' ],
50 silly audit   '@babel/plugin-syntax-json-strings': [ '7.8.3' ],
50 silly audit   '@babel/plugin-syntax-jsx': [ '7.16.7' ],
50 silly audit   '@babel/plugin-syntax-logical-assignment-operators': [ '7.10.4' ],
50 silly audit   '@babel/plugin-syntax-nullish-coalescing-operator': [ '7.8.3' ],
50 silly audit   '@babel/plugin-syntax-numeric-separator': [ '7.10.4' ],
50 silly audit   '@babel/plugin-syntax-object-rest-spread': [ '7.8.3' ],
50 silly audit   '@babel/plugin-syntax-optional-catch-binding': [ '7.8.3' ],
50 silly audit   '@babel/plugin-syntax-optional-chaining': [ '7.8.3' ],
50 silly audit   '@babel/plugin-syntax-private-property-in-object': [ '7.14.5' ],
50 silly audit   '@babel/plugin-syntax-top-level-await': [ '7.14.5' ],
50 silly audit   '@babel/plugin-syntax-typescript': [ '7.16.7' ],
50 silly audit   '@babel/plugin-transform-arrow-functions': [ '7.16.7' ],
50 silly audit   '@babel/plugin-transform-async-to-generator': [ '7.16.8' ],
50 silly audit   '@babel/plugin-transform-block-scoped-functions': [ '7.16.7' ],
50 silly audit   '@babel/plugin-transform-block-scoping': [ '7.16.7' ],
50 silly audit   '@babel/plugin-transform-classes': [ '7.16.7' ],
50 silly audit   '@babel/plugin-transform-computed-properties': [ '7.16.7' ],
50 silly audit   '@babel/plugin-transform-destructuring': [ '7.16.7' ],
50 silly audit   '@babel/plugin-transform-dotall-regex': [ '7.16.7' ],
50 silly audit   '@babel/plugin-transform-duplicate-keys': [ '7.16.7' ],
50 silly audit   '@babel/plugin-transform-exponentiation-operator': [ '7.16.7' ],
50 silly audit   '@babel/plugin-transform-flow-strip-types': [ '7.16.7' ],
50 silly audit   '@babel/plugin-transform-for-of': [ '7.16.7' ],
50 silly audit   '@babel/plugin-transform-function-name': [ '7.16.7' ],
50 silly audit   '@babel/plugin-transform-literals': [ '7.16.7' ],
50 silly audit   '@babel/plugin-transform-member-expression-literals': [ '7.16.7' ],
50 silly audit   '@babel/plugin-transform-modules-amd': [ '7.16.7' ],
50 silly audit   '@babel/plugin-transform-modules-commonjs': [ '7.16.8' ],
50 silly audit   '@babel/plugin-transform-modules-systemjs': [ '7.16.7' ],
50 silly audit   '@babel/plugin-transform-modules-umd': [ '7.16.7' ],
50 silly audit   '@babel/plugin-transform-named-capturing-groups-regex': [ '7.16.8' ],
50 silly audit   '@babel/plugin-transform-new-target': [ '7.16.7' ],
50 silly audit   '@babel/plugin-transform-object-super': [ '7.16.7' ],
50 silly audit   '@babel/plugin-transform-parameters': [ '7.16.7' ],
50 silly audit   '@babel/plugin-transform-property-literals': [ '7.16.7' ],
50 silly audit   '@babel/plugin-transform-react-constant-elements': [ '7.16.7' ],
50 silly audit   '@babel/plugin-transform-react-display-name': [ '7.16.7' ],
50 silly audit   '@babel/plugin-transform-react-jsx': [ '7.16.7' ],
50 silly audit   '@babel/plugin-transform-react-jsx-development': [ '7.16.7' ],
50 silly audit   '@babel/plugin-transform-react-pure-annotations': [ '7.16.7' ],
50 silly audit   '@babel/plugin-transform-regenerator': [ '7.16.7' ],
50 silly audit   '@babel/plugin-transform-reserved-words': [ '7.16.7' ],
50 silly audit   '@babel/plugin-transform-runtime': [ '7.16.10' ],
50 silly audit   '@babel/plugin-transform-shorthand-properties': [ '7.16.7' ],
50 silly audit   '@babel/plugin-transform-spread': [ '7.16.7' ],
50 silly audit   '@babel/plugin-transform-sticky-regex': [ '7.16.7' ],
50 silly audit   '@babel/plugin-transform-template-literals': [ '7.16.7' ],
50 silly audit   '@babel/plugin-transform-typeof-symbol': [ '7.16.7' ],
50 silly audit   '@babel/plugin-transform-typescript': [ '7.16.8' ],
50 silly audit   '@babel/plugin-transform-unicode-escapes': [ '7.16.7' ],
50 silly audit   '@babel/plugin-transform-unicode-regex': [ '7.16.7' ],
50 silly audit   '@babel/preset-env': [ '7.16.11' ],
50 silly audit   '@babel/preset-modules': [ '0.1.5' ],
50 silly audit   '@babel/preset-react': [ '7.16.7' ],
50 silly audit   '@babel/preset-typescript': [ '7.16.7' ],
50 silly audit   '@babel/runtime': [ '7.16.7' ],
50 silly audit   '@babel/runtime-corejs3': [ '7.16.8' ],
50 silly audit   '@babel/template': [ '7.16.7' ],
50 silly audit   '@babel/traverse': [ '7.16.10' ],
50 silly audit   '@babel/types': [ '7.16.8' ],
50 silly audit   '@bcoe/v8-coverage': [ '0.2.3' ],
50 silly audit   '@csstools/normalize.css': [ '12.0.0' ],
50 silly audit   '@eslint/eslintrc': [ '1.0.5' ],
50 silly audit   argparse: [ '2.0.1', '1.0.10' ],
50 silly audit   globals: [ '13.12.0', '11.12.0' ],
50 silly audit   ignore: [ '4.0.6', '5.2.0' ],
50 silly audit   'js-yaml': [ '4.1.0', '3.14.1' ],
50 silly audit   'type-fest': [ '0.20.2', '0.16.0', '0.21.3' ],
50 silly audit   '@firebase/analytics': [ '0.7.5' ],
50 silly audit   '@firebase/analytics-compat': [ '0.1.6' ],
50 silly audit   '@firebase/analytics-types': [ '0.7.0' ],
50 silly audit   '@firebase/app': [ '0.7.14' ],
50 silly audit   '@firebase/app-check': [ '0.5.3' ],
50 silly audit   '@firebase/app-check-compat': [ '0.2.3' ],
50 silly audit   '@firebase/app-check-interop-types': [ '0.1.0' ],
50 silly audit   '@firebase/app-compat': [ '0.1.15' ],
50 silly audit   '@firebase/app-types': [ '0.7.0' ],
50 silly audit   '@firebase/auth': [ '0.19.6' ],
50 silly audit   '@firebase/auth-compat': [ '0.2.6' ],
50 silly audit   '@firebase/auth-interop-types': [ '0.1.6' ],
50 silly audit   '@firebase/auth-types': [ '0.11.0' ],
50 silly audit   '@firebase/component': [ '0.5.10' ],
50 silly audit   '@firebase/database': [ '0.12.5' ],
50 silly audit   '@firebase/database-compat': [ '0.1.5' ],
50 silly audit   '@firebase/database-types': [ '0.9.4' ],
50 silly audit   '@firebase/firestore': [ '3.4.3' ],
50 silly audit   '@firebase/firestore-compat': [ '0.1.12' ],
50 silly audit   '@firebase/firestore-types': [ '2.5.0' ],
50 silly audit   '@firebase/functions': [ '0.7.7' ],
50 silly audit   '@firebase/functions-compat': [ '0.1.8' ],
50 silly audit   '@firebase/functions-types': [ '0.5.0' ],
50 silly audit   '@firebase/installations': [ '0.5.5' ],
50 silly audit   idb: [ '3.0.2', '6.1.5' ],
50 silly audit   '@firebase/logger': [ '0.3.2' ],
50 silly audit   '@firebase/messaging': [ '0.9.7' ],
50 silly audit   '@firebase/messaging-compat': [ '0.1.7' ],
50 silly audit   '@firebase/messaging-interop-types': [ '0.1.0' ],
50 silly audit   '@firebase/performance': [ '0.5.5' ],
50 silly audit   '@firebase/performance-compat': [ '0.1.5' ],
50 silly audit   '@firebase/performance-types': [ '0.1.0' ],
50 silly audit   '@firebase/polyfill': [ '0.3.36' ],
50 silly audit   'core-js': [ '3.6.5', '3.20.3' ],
50 silly audit   'whatwg-fetch': [ '2.0.4', '3.6.2' ],
50 silly audit   '@firebase/remote-config': [ '0.3.4' ],
50 silly audit   '@firebase/remote-config-compat': [ '0.1.5' ],
50 silly audit   '@firebase/remote-config-types': [ '0.2.0' ],
50 silly audit   '@firebase/storage': [ '0.9.1' ],
50 silly audit   '@firebase/storage-compat': [ '0.1.9' ],
50 silly audit   '@firebase/storage-types': [ '0.6.0' ],
50 silly audit   '@firebase/util': [ '1.4.3' ],
50 silly audit   '@firebase/webchannel-wrapper': [ '0.6.1' ],
50 silly audit   '@grpc/grpc-js': [ '1.5.3' ],
50 silly audit   '@grpc/proto-loader': [ '0.6.9' ],
50 silly audit   '@humanwhocodes/config-array': [ '0.9.2' ],
50 silly audit   '@humanwhocodes/object-schema': [ '1.2.1' ],
50 silly audit   '@istanbuljs/load-nyc-config': [ '1.1.0' ],
50 silly audit   camelcase: [ '5.3.1', '6.3.0' ],
50 silly audit   'find-up': [ '4.1.0', '2.1.0', '5.0.0', '3.0.0' ],
50 silly audit   'locate-path': [ '5.0.0', '2.0.0', '6.0.0', '3.0.0' ],
50 silly audit   'p-limit': [ '2.3.0', '1.3.0', '3.1.0' ],
50 silly audit   'p-locate': [ '4.1.0', '2.0.0', '5.0.0', '3.0.0' ],
50 silly audit   '@istanbuljs/schema': [ '0.1.3' ],
50 silly audit   '@jest/console': [ '27.4.6' ],
50 silly audit   'ansi-styles': [ '4.3.0', '3.2.1', '5.2.0' ],
50 silly audit   chalk: [ '4.1.2', '3.0.0', '2.4.2' ],
50 silly audit   'color-convert': [ '2.0.1', '1.9.3' ],
50 silly audit   'color-name': [ '1.1.4', '1.1.3' ],
50 silly audit   'has-flag': [ '4.0.0', '3.0.0' ],
50 silly audit   'supports-color': [ '7.2.0', '8.1.1', '5.5.0' ],
50 silly audit   '@jest/core': [ '27.4.7' ],
50 silly audit   '@jest/environment': [ '27.4.6' ],
50 silly audit   '@jest/fake-timers': [ '27.4.6' ],
50 silly audit   '@jest/globals': [ '27.4.6' ],
50 silly audit   '@jest/reporters': [ '27.4.6' ],
50 silly audit   'source-map': [ '0.6.1', '0.7.3', '0.5.7', '0.8.0-beta.0' ],
50 silly audit   '@jest/source-map': [ '27.4.0' ],
50 silly audit   '@jest/test-result': [ '27.4.6' ],
50 silly audit   '@jest/test-sequencer': [ '27.4.6' ],
50 silly audit   '@jest/transform': [ '27.4.6' ],
50 silly audit   '@jest/types': [ '27.4.2' ],
50 silly audit   '@nodelib/fs.scandir': [ '2.1.5' ],
50 silly audit   '@nodelib/fs.stat': [ '2.0.5' ],
50 silly audit   '@nodelib/fs.walk': [ '1.2.8' ],
50 silly audit   '@pmmmwh/react-refresh-webpack-plugin': [ '0.5.4' ],
50 silly audit   '@popperjs/core': [ '2.11.2' ],
50 silly audit   '@protobufjs/aspromise': [ '1.1.2' ],
50 silly audit   '@protobufjs/base64': [ '1.1.2' ],
50 silly audit   '@protobufjs/codegen': [ '2.0.4' ],
50 silly audit   '@protobufjs/eventemitter': [ '1.1.0' ],
50 silly audit   '@protobufjs/fetch': [ '1.1.0' ],
50 silly audit   '@protobufjs/float': [ '1.0.2' ],
50 silly audit   '@protobufjs/inquire': [ '1.1.0' ],
50 silly audit   '@protobufjs/path': [ '1.1.2' ],
50 silly audit   '@protobufjs/pool': [ '1.1.0' ],
50 silly audit   '@protobufjs/utf8': [ '1.1.0' ],
50 silly audit   '@react-aria/ssr': [ '3.1.0' ],
50 silly audit   '@restart/hooks': [ '0.4.5' ],
50 silly audit   '@restart/ui': [ '0.2.6' ],
50 silly audit   '@rollup/plugin-babel': [ '5.3.0' ],
50 silly audit   '@rollup/plugin-node-resolve': [ '11.2.1' ],
50 silly audit   '@rollup/plugin-replace': [ '2.4.2' ],
50 silly audit   '@rollup/pluginutils': [ '3.1.0' ],
50 silly audit   '@types/estree': [ '0.0.39', '0.0.50' ],
50 silly audit   '@rushstack/eslint-patch': [ '1.1.0' ],
50 silly audit   '@sinonjs/commons': [ '1.8.3' ],
50 silly audit   '@sinonjs/fake-timers': [ '8.1.0' ],
50 silly audit   '@surma/rollup-plugin-off-main-thread': [ '2.2.3' ],
50 silly audit   '@svgr/babel-plugin-add-jsx-attribute': [ '5.4.0' ],
50 silly audit   '@svgr/babel-plugin-remove-jsx-attribute': [ '5.4.0' ],
50 silly audit   '@svgr/babel-plugin-remove-jsx-empty-expression': [ '5.0.1' ],
50 silly audit   '@svgr/babel-plugin-replace-jsx-attribute-value': [ '5.0.1' ],
50 silly audit   '@svgr/babel-plugin-svg-dynamic-title': [ '5.4.0' ],
50 silly audit   '@svgr/babel-plugin-svg-em-dimensions': [ '5.4.0' ],
50 silly audit   '@svgr/babel-plugin-transform-react-native-svg': [ '5.4.0' ],
50 silly audit   '@svgr/babel-plugin-transform-svg-component': [ '5.5.0' ],
50 silly audit   '@svgr/babel-preset': [ '5.5.0' ],
50 silly audit   '@svgr/core': [ '5.5.0' ],
50 silly audit   '@svgr/hast-util-to-babel-ast': [ '5.5.0' ],
50 silly audit   '@svgr/plugin-jsx': [ '5.5.0' ],
50 silly audit   '@svgr/plugin-svgo': [ '5.5.0' ],
50 silly audit   '@svgr/webpack': [ '5.5.0' ],
50 silly audit   '@testing-library/dom': [ '8.11.2' ],
50 silly audit   'aria-query': [ '5.0.0', '4.2.2' ],
50 silly audit   '@testing-library/jest-dom': [ '5.16.1' ],
50 silly audit   '@testing-library/react': [ '12.1.2' ],
50 silly audit   '@testing-library/user-event': [ '13.5.0' ],
50 silly audit   '@tootallnate/once': [ '1.1.2' ],
50 silly audit   '@trysound/sax': [ '0.2.0' ],
50 silly audit   '@types/aria-query': [ '4.2.2' ],
50 silly audit   '@types/babel__core': [ '7.1.18' ],
50 silly audit   '@types/babel__generator': [ '7.6.4' ],
50 silly audit   '@types/babel__template': [ '7.4.1' ],
50 silly audit   '@types/babel__traverse': [ '7.14.2' ],
50 silly audit   '@types/body-parser': [ '1.19.2' ],
50 silly audit   '@types/bonjour': [ '3.5.10' ],
50 silly audit   '@types/connect': [ '3.4.35' ],
50 silly audit   '@types/connect-history-api-fallback': [ '1.3.5' ],
50 silly audit   '@types/eslint': [ '7.29.0' ],
50 silly audit   '@types/eslint-scope': [ '3.7.3' ],
50 silly audit   '@types/express': [ '4.17.13' ],
50 silly audit   '@types/express-serve-static-core': [ '4.17.28' ],
50 silly audit   '@types/graceful-fs': [ '4.1.5' ],
50 silly audit   '@types/html-minifier-terser': [ '6.1.0' ],
50 silly audit   '@types/http-proxy': [ '1.17.8' ],
50 silly audit   '@types/invariant': [ '2.2.35' ],
50 silly audit   '@types/istanbul-lib-coverage': [ '2.0.4' ],
50 silly audit   '@types/istanbul-lib-report': [ '3.0.0' ],
50 silly audit   '@types/istanbul-reports': [ '3.0.1' ],
50 silly audit   '@types/jest': [ '27.4.0' ],
50 silly audit   '@types/json-schema': [ '7.0.9' ],
50 silly audit   '@types/json5': [ '0.0.29' ],
50 silly audit   '@types/long': [ '4.0.1' ],
50 silly audit   '@types/mime': [ '1.3.2' ],
50 silly audit   '@types/node': [ '17.0.10' ],
50 silly audit   '@types/parse-json': [ '4.0.0' ],
50 silly audit   '@types/prettier': [ '2.4.3' ],
50 silly audit   '@types/prop-types': [ '15.7.4' ],
50 silly audit   '@types/q': [ '1.5.5' ],
50 silly audit   '@types/qs': [ '6.9.7' ],
50 silly audit   '@types/range-parser': [ '1.2.4' ],
50 silly audit   '@types/react': [ '17.0.38' ],
50 silly audit   '@types/react-transition-group': [ '4.4.4' ],
50 silly audit   '@types/resolve': [ '1.17.1' ],
50 silly audit   '@types/retry': [ '0.12.1' ],
50 silly audit   '@types/scheduler': [ '0.16.2' ],
50 silly audit   '@types/serve-index': [ '1.9.1' ],
50 silly audit   '@types/serve-static': [ '1.13.10' ],
50 silly audit   '@types/sockjs': [ '0.3.33' ],
50 silly audit   '@types/stack-utils': [ '2.0.1' ],
50 silly audit   '@types/testing-library__jest-dom': [ '5.14.2' ],
50 silly audit   '@types/trusted-types': [ '2.0.2' ],
50 silly audit   '@types/warning': [ '3.0.0' ],
50 silly audit   '@types/ws': [ '8.2.2' ],
50 silly audit   '@types/yargs': [ '16.0.4' ],
50 silly audit   '@types/yargs-parser': [ '20.2.1' ],
50 silly audit   '@typescript-eslint/eslint-plugin': [ '5.10.0' ],
50 silly audit   '@typescript-eslint/experimental-utils': [ '5.10.0' ],
50 silly audit   '@typescript-eslint/parser': [ '5.10.0' ],
50 silly audit   '@typescript-eslint/scope-manager': [ '5.10.0' ],
50 silly audit   '@typescript-eslint/type-utils': [ '5.10.0' ],
50 silly audit   '@typescript-eslint/types': [ '5.10.0' ],
50 silly audit   '@typescript-eslint/typescript-estree': [ '5.10.0' ],
50 silly audit   '@typescript-eslint/utils': [ '5.10.0' ],
50 silly audit   '@typescript-eslint/visitor-keys': [ '5.10.0' ],
50 silly audit   '@webassemblyjs/ast': [ '1.11.1' ],
50 silly audit   '@webassemblyjs/floating-point-hex-parser': [ '1.11.1' ],
50 silly audit   '@webassemblyjs/helper-api-error': [ '1.11.1' ],
50 silly audit   '@webassemblyjs/helper-buffer': [ '1.11.1' ],
50 silly audit   '@webassemblyjs/helper-numbers': [ '1.11.1' ],
50 silly audit   '@webassemblyjs/helper-wasm-bytecode': [ '1.11.1' ],
50 silly audit   '@webassemblyjs/helper-wasm-section': [ '1.11.1' ],
50 silly audit   '@webassemblyjs/ieee754': [ '1.11.1' ],
50 silly audit   '@webassemblyjs/leb128': [ '1.11.1' ],
50 silly audit   '@webassemblyjs/utf8': [ '1.11.1' ],
50 silly audit   '@webassemblyjs/wasm-edit': [ '1.11.1' ],
50 silly audit   '@webassemblyjs/wasm-gen': [ '1.11.1' ],
50 silly audit   '@webassemblyjs/wasm-opt': [ '1.11.1' ],
50 silly audit   '@webassemblyjs/wasm-parser': [ '1.11.1' ],
50 silly audit   '@webassemblyjs/wast-printer': [ '1.11.1' ],
50 silly audit   '@xtuc/ieee754': [ '1.2.0' ],
50 silly audit   '@xtuc/long': [ '4.2.2' ],
50 silly audit   abab: [ '2.0.5' ],
50 silly audit   accepts: [ '1.3.7' ],
50 silly audit   acorn: [ '8.7.0', '7.4.1' ],
50 silly audit   'acorn-globals': [ '6.0.0' ],
50 silly audit   'acorn-import-assertions': [ '1.8.0' ],
50 silly audit   'acorn-jsx': [ '5.3.2' ],
50 silly audit   'acorn-node': [ '1.8.2' ],
50 silly audit   'acorn-walk': [ '7.2.0' ],
50 silly audit   address: [ '1.1.2' ],
50 silly audit   'adjust-sourcemap-loader': [ '4.0.0' ],
50 silly audit   'agent-base': [ '6.0.2' ],
50 silly audit   'aggregate-error': [ '3.1.0' ],
50 silly audit   ajv: [ '6.12.6', '8.9.0' ],
50 silly audit   'ajv-formats': [ '2.1.1' ],
50 silly audit   'json-schema-traverse': [ '1.0.0', '0.4.1' ],
50 silly audit   'ajv-keywords': [ '3.5.2', '5.1.0' ],
50 silly audit   'alphanum-sort': [ '1.0.2' ],
50 silly audit   'ansi-escapes': [ '4.3.2' ],
50 silly audit   'ansi-html-community': [ '0.0.8' ],
50 silly audit   'ansi-regex': [ '5.0.1', '6.0.1' ],
50 silly audit   anymatch: [ '3.1.2' ],
50 silly audit   arg: [ '5.0.1' ],
50 silly audit   'array-flatten': [ '2.1.2', '1.1.1' ],
50 silly audit   'array-includes': [ '3.1.4' ],
50 silly audit   'array-union': [ '2.1.0' ],
50 silly audit   'array.prototype.flat': [ '1.2.5' ],
50 silly audit   'array.prototype.flatmap': [ '1.2.5' ],
50 silly audit   asap: [ '2.0.6' ],
50 silly audit   'ast-types-flow': [ '0.0.7' ],
50 silly audit   async: [ '2.6.3', '0.9.2' ],
50 silly audit   asynckit: [ '0.4.0' ],
50 silly audit   'at-least-node': [ '1.0.0' ],
50 silly audit   atob: [ '2.1.2' ],
50 silly audit   autoprefixer: [ '10.4.2' ],
50 silly audit   'axe-core': [ '4.3.5' ],
50 silly audit   'axobject-query': [ '2.2.0' ],
50 silly audit   'babel-jest': [ '27.4.6' ],
50 silly audit   'babel-loader': [ '8.2.3' ],
50 silly audit   json5: [ '1.0.1', '2.2.0' ],
50 silly audit   'loader-utils': [ '1.4.0', '2.0.2', '3.2.0' ],
50 silly audit   'schema-utils': [ '2.7.1', '4.0.0', '2.7.0', '3.1.1' ],
50 silly audit   'babel-plugin-dynamic-import-node': [ '2.3.3' ],
50 silly audit   'babel-plugin-istanbul': [ '6.1.1' ],
50 silly audit   'babel-plugin-jest-hoist': [ '27.4.0' ],
50 silly audit   'babel-plugin-macros': [ '3.1.0' ],
50 silly audit   'babel-plugin-named-asset-import': [ '0.3.8' ],
50 silly audit   'babel-plugin-polyfill-corejs2': [ '0.3.1' ],
50 silly audit   'babel-plugin-polyfill-corejs3': [ '0.5.1' ],
50 silly audit   'babel-plugin-polyfill-regenerator': [ '0.3.1' ],
50 silly audit   'babel-plugin-transform-react-remove-prop-types': [ '0.4.24' ],
50 silly audit   'babel-preset-current-node-syntax': [ '1.0.1' ],
50 silly audit   'babel-preset-jest': [ '27.4.0' ],
50 silly audit   'babel-preset-react-app': [ '10.0.1' ],
50 silly audit   'balanced-match': [ '1.0.2' ],
50 silly audit   batch: [ '0.6.1' ],
50 silly audit   bfj: [ '7.0.2' ],
50 silly audit   'big.js': [ '5.2.2' ],
50 silly audit   'binary-extensions': [ '2.2.0' ],
50 silly audit   bluebird: [ '3.7.2' ],
50 silly audit   'body-parser': [ '1.19.1' ],
50 silly audit   bytes: [ '3.1.1', '3.0.0' ],
50 silly audit   debug: [ '2.6.9', '4.3.3', '3.2.7' ],
50 silly audit   'iconv-lite': [ '0.4.24', '0.6.3' ],
50 silly audit   ms: [ '2.0.0', '2.1.2', '2.1.3' ],
50 silly audit   bonjour: [ '3.5.0' ],
50 silly audit   boolbase: [ '1.0.0' ],
50 silly audit   bootstrap: [ '5.1.3' ],
50 silly audit   'brace-expansion': [ '1.1.11' ],
50 silly audit   braces: [ '3.0.2' ],
50 silly audit   'browser-process-hrtime': [ '1.0.0' ],
50 silly audit   browserslist: [ '4.19.1' ],
50 silly audit   bser: [ '2.1.1' ],
50 silly audit   'buffer-from': [ '1.1.2' ],
50 silly audit   'buffer-indexof': [ '1.1.1' ],
50 silly audit   'builtin-modules': [ '3.2.0' ],
50 silly audit   'call-bind': [ '1.0.2' ],
50 silly audit   callsites: [ '3.1.0' ],
50 silly audit   'camel-case': [ '4.1.2' ],
50 silly audit   'camelcase-css': [ '2.0.1' ],
50 silly audit   'caniuse-api': [ '3.0.0' ],
50 silly audit   'caniuse-lite': [ '1.0.30001300' ],
50 silly audit   'case-sensitive-paths-webpack-plugin': [ '2.4.0' ],
50 silly audit   'char-regex': [ '1.0.2', '2.0.0' ],
50 silly audit   'check-types': [ '11.1.2' ],
50 silly audit   chokidar: [ '3.5.3' ],
50 silly audit   'glob-parent': [ '5.1.2', '6.0.2' ],
50 silly audit   'chrome-trace-event': [ '1.0.3' ],
50 silly audit   'ci-info': [ '3.3.0' ],
50 silly audit   'cjs-module-lexer': [ '1.2.2' ],
50 silly audit   classnames: [ '2.3.1' ],
50 silly audit   'clean-css': [ '5.2.2' ],
50 silly audit   'clean-stack': [ '2.2.0' ],
50 silly audit   cliui: [ '7.0.4' ],
50 silly audit   co: [ '4.6.0' ],
50 silly audit   coa: [ '2.0.2' ],
50 silly audit   'collect-v8-coverage': [ '1.0.1' ],
50 silly audit   colord: [ '2.9.2' ],
50 silly audit   colorette: [ '2.0.16' ],
50 silly audit   'combined-stream': [ '1.0.8' ],
50 silly audit   commander: [ '8.3.0', '7.2.0', '2.20.3' ],
50 silly audit   'common-path-prefix': [ '3.0.0' ],
50 silly audit   'common-tags': [ '1.8.2' ],
50 silly audit   commondir: [ '1.0.1' ],
50 silly audit   compressible: [ '2.0.18' ],
50 silly audit   compression: [ '1.7.4' ],
50 silly audit   'concat-map': [ '0.0.1' ],
50 silly audit   'confusing-browser-globals': [ '1.0.11' ],
50 silly audit   'connect-history-api-fallback': [ '1.6.0' ],
50 silly audit   'content-disposition': [ '0.5.4' ],
50 silly audit   'safe-buffer': [ '5.2.1', '5.1.2' ],
50 silly audit   'content-type': [ '1.0.4' ],
50 silly audit   'convert-source-map': [ '1.8.0' ],
50 silly audit   cookie: [ '0.4.1' ],
50 silly audit   'cookie-signature': [ '1.0.6' ],
50 silly audit   'core-js-compat': [ '3.20.3' ],
50 silly audit   'core-js-pure': [ '3.20.3' ],
50 silly audit   'core-util-is': [ '1.0.3' ],
50 silly audit   cosmiconfig: [ '7.0.1', '6.0.0' ],
50 silly audit   'cross-spawn': [ '7.0.3' ],
50 silly audit   'crypto-random-string': [ '2.0.0' ],
50 silly audit   css: [ '3.0.0' ],
50 silly audit   'css-blank-pseudo': [ '3.0.2' ],
50 silly audit   'css-declaration-sorter': [ '6.1.4' ],
50 silly audit   'css-has-pseudo': [ '3.0.3' ],
50 silly audit   'css-loader': [ '6.5.1' ],
50 silly audit   'css-minimizer-webpack-plugin': [ '3.4.1' ],
50 silly audit   'css-prefers-color-scheme': [ '6.0.2' ],
50 silly audit   'css-select': [ '4.2.1', '2.1.0' ],
50 silly audit   'css-select-base-adapter': [ '0.1.1' ],
50 silly audit   'css-tree': [ '1.0.0-alpha.37', '1.1.3' ],
50 silly audit   'css-what': [ '5.1.0', '3.4.2' ],
50 silly audit   'css.escape': [ '1.5.1' ],
50 silly audit   cssdb: [ '5.1.0' ],
50 silly audit   cssesc: [ '3.0.0' ],
50 silly audit   cssnano: [ '5.0.15' ],
50 silly audit   'cssnano-preset-default': [ '5.1.10' ],
50 silly audit   'cssnano-utils': [ '3.0.0' ],
50 silly audit   csso: [ '4.2.0' ],
50 silly audit   'mdn-data': [ '2.0.14', '2.0.4' ],
50 silly audit   cssom: [ '0.4.4', '0.3.8' ],
50 silly audit   cssstyle: [ '2.3.0' ],
50 silly audit   csstype: [ '3.0.10' ],
50 silly audit   'damerau-levenshtein': [ '1.0.8' ],
50 silly audit   'data-urls': [ '2.0.0' ],
50 silly audit   'decimal.js': [ '10.3.1' ],
50 silly audit   'decode-uri-component': [ '0.2.0' ],
50 silly audit   dedent: [ '0.7.0' ],
50 silly audit   'deep-equal': [ '1.1.1' ],
50 silly audit   'deep-is': [ '0.1.4' ],
50 silly audit   deepmerge: [ '4.2.2' ],
50 silly audit   'default-gateway': [ '6.0.3' ],
50 silly audit   'define-lazy-prop': [ '2.0.0' ],
50 silly audit   'define-properties': [ '1.1.3' ],
50 silly audit   defined: [ '1.0.0' ],
50 silly audit   del: [ '6.0.0' ],
50 silly audit   'delayed-stream': [ '1.0.0' ],
50 silly audit   depd: [ '1.1.2' ],
50 silly audit   dequal: [ '2.0.2' ],
50 silly audit   destroy: [ '1.0.4' ],
50 silly audit   'detect-newline': [ '3.1.0' ],
50 silly audit   'detect-node': [ '2.1.0' ],
50 silly audit   'detect-port-alt': [ '1.1.6' ],
50 silly audit   detective: [ '5.2.0' ],
50 silly audit   didyoumean: [ '1.2.2' ],
50 silly audit   'diff-sequences': [ '27.4.0' ],
50 silly audit   'dir-glob': [ '3.0.1' ],
50 silly audit   dlv: [ '1.1.3' ],
50 silly audit   'dns-equal': [ '1.0.0' ],
50 silly audit   'dns-packet': [ '1.3.4' ],
50 silly audit   'dns-txt': [ '2.0.2' ],
50 silly audit   doctrine: [ '3.0.0', '2.1.0' ],
50 silly audit   'dom-accessibility-api': [ '0.5.10' ],
50 silly audit   'dom-converter': [ '0.2.0' ],
50 silly audit   'dom-helpers': [ '5.2.1' ],
50 silly audit   'dom-serializer': [ '1.3.2', '0.2.2' ],
50 silly audit   domelementtype: [ '2.2.0', '1.3.1' ],
50 silly audit   domexception: [ '2.0.1' ],
50 silly audit   'webidl-conversions': [ '5.0.0', '3.0.1', '6.1.0', '4.0.2' ],
50 silly audit   domhandler: [ '4.3.0' ],
50 silly audit   domutils: [ '2.8.0', '1.7.0' ],
50 silly audit   'dot-case': [ '3.0.4' ],
50 silly audit   dotenv: [ '10.0.0' ],
50 silly audit   'dotenv-expand': [ '5.1.0' ],
50 silly audit   duplexer: [ '0.1.2' ],
50 silly audit   'ee-first': [ '1.1.1' ],
50 silly audit   ejs: [ '3.1.6' ],
50 silly audit   'electron-to-chromium': [ '1.4.49' ],
50 silly audit   emittery: [ '0.8.1' ],
50 silly audit   'emoji-regex': [ '9.2.2', '8.0.0' ],
50 silly audit   'emojis-list': [ '3.0.0' ],
50 silly audit   encodeurl: [ '1.0.2' ],
50 silly audit   'enhanced-resolve': [ '5.8.3' ],
50 silly audit   entities: [ '2.2.0' ],
50 silly audit   'error-ex': [ '1.3.2' ],
50 silly audit   'error-stack-parser': [ '2.0.6' ],
50 silly audit   'es-abstract': [ '1.19.1' ],
50 silly audit   'es-module-lexer': [ '0.9.3' ],
50 silly audit   'es-to-primitive': [ '1.2.1' ],
50 silly audit   escalade: [ '3.1.1' ],
50 silly audit   'escape-html': [ '1.0.3' ],
50 silly audit   'escape-string-regexp': [ '1.0.5', '4.0.0', '2.0.0' ],
50 silly audit   escodegen: [ '2.0.0' ],
50 silly audit   levn: [ '0.3.0', '0.4.1' ],
50 silly audit   optionator: [ '0.8.3', '0.9.1' ],
50 silly audit   'prelude-ls': [ '1.1.2', '1.2.1' ],
50 silly audit   'type-check': [ '0.3.2', '0.4.0' ],
50 silly audit   eslint: [ '8.7.0' ],
50 silly audit   'eslint-config-react-app': [ '7.0.0' ],
50 silly audit   'eslint-import-resolver-node': [ '0.3.6' ],
50 silly audit   'eslint-module-utils': [ '2.7.2' ],
50 silly audit   'p-try': [ '1.0.0', '2.2.0' ],
50 silly audit   'path-exists': [ '3.0.0', '4.0.0' ],
50 silly audit   'eslint-plugin-flowtype': [ '8.0.3' ],
50 silly audit   'eslint-plugin-import': [ '2.25.4' ],
50 silly audit   'eslint-plugin-jest': [ '25.7.0' ],
50 silly audit   'eslint-plugin-jsx-a11y': [ '6.5.1' ],
50 silly audit   'eslint-plugin-react': [ '7.28.0' ],
50 silly audit   'eslint-plugin-react-hooks': [ '4.3.0' ],
50 silly audit   resolve: [ '2.0.0-next.3', '1.21.0' ],
50 silly audit   'eslint-plugin-testing-library': [ '5.0.3' ],
50 silly audit   'eslint-utils': [ '3.0.0' ],
50 silly audit   'eslint-webpack-plugin': [ '3.1.1' ],
50 silly audit   espree: [ '9.3.0' ],
50 silly audit   esprima: [ '4.0.1' ],
50 silly audit   esquery: [ '1.4.0' ],
50 silly audit   esrecurse: [ '4.3.0' ],
50 silly audit   'estree-walker': [ '1.0.1' ],
50 silly audit   esutils: [ '2.0.3' ],
50 silly audit   etag: [ '1.8.1' ],
50 silly audit   eventemitter3: [ '4.0.7' ],
50 silly audit   events: [ '3.3.0' ],
50 silly audit   execa: [ '5.1.1' ],
50 silly audit   exit: [ '0.1.2' ],
50 silly audit   expect: [ '27.4.6' ],
50 silly audit   express: [ '4.17.2' ],
50 silly audit   'fast-deep-equal': [ '3.1.3' ],
50 silly audit   'fast-glob': [ '3.2.11' ],
50 silly audit   'fast-json-stable-stringify': [ '2.1.0' ],
50 silly audit   'fast-levenshtein': [ '2.0.6' ],
50 silly audit   fastq: [ '1.13.0' ],
50 silly audit   'faye-websocket': [ '0.11.4' ],
50 silly audit   'fb-watchman': [ '2.0.1' ],
50 silly audit   'file-entry-cache': [ '6.0.1' ],
50 silly audit   'file-loader': [ '6.2.0' ],
50 silly audit   filelist: [ '1.0.2' ],
50 silly audit   filesize: [ '8.0.7' ],
50 silly audit   'fill-range': [ '7.0.1' ],
50 silly audit   finalhandler: [ '1.1.2' ],
50 silly audit   'find-cache-dir': [ '3.3.2' ],
50 silly audit   firebase: [ '9.6.4' ],
50 silly audit   'flat-cache': [ '3.0.4' ],
50 silly audit   flatted: [ '3.2.4' ],
50 silly audit   'follow-redirects': [ '1.14.7' ],
50 silly audit   'fork-ts-checker-webpack-plugin': [ '6.5.0' ],
50 silly audit   'fs-extra': [ '9.1.0', '10.0.0' ],
50 silly audit   tapable: [ '1.1.3', '2.2.1' ],
50 silly audit   'form-data': [ '3.0.1' ],
50 silly audit   forwarded: [ '0.2.0' ],
50 silly audit   'fraction.js': [ '4.1.2' ],
50 silly audit   fresh: [ '0.5.2' ],
50 silly audit   'fs-monkey': [ '1.0.3' ],
50 silly audit   'fs.realpath': [ '1.0.0' ],
50 silly audit   fsevents: [ '2.3.2' ],
50 silly audit   'function-bind': [ '1.1.1' ],
50 silly audit   'functional-red-black-tree': [ '1.0.1' ],
50 silly audit   gensync: [ '1.0.0-beta.2' ],
50 silly audit   'get-caller-file': [ '2.0.5' ],
50 silly audit   'get-intrinsic': [ '1.1.1' ],
50 silly audit   'get-own-enumerable-property-symbols': [ '3.0.2' ],
50 silly audit   'get-package-type': [ '0.1.0' ],
50 silly audit   'get-stream': [ '6.0.1' ],
50 silly audit   'get-symbol-description': [ '1.0.0' ],
50 silly audit   glob: [ '7.2.0' ],
50 silly audit   'glob-to-regexp': [ '0.4.1' ],
50 silly audit   'global-modules': [ '2.0.0' ],
50 silly audit   'global-prefix': [ '3.0.0' ],
50 silly audit   which: [ '1.3.1', '2.0.2' ],
50 silly audit   globby: [ '11.1.0' ],
50 silly audit   'graceful-fs': [ '4.2.9' ],
50 silly audit   'gzip-size': [ '6.0.0' ],
50 silly audit   'handle-thing': [ '2.0.1' ],
50 silly audit   'harmony-reflect': [ '1.6.2' ],
50 silly audit   has: [ '1.0.3' ],
50 silly audit   'has-bigints': [ '1.0.1' ],
50 silly audit   'has-symbols': [ '1.0.2' ],
50 silly audit   'has-tostringtag': [ '1.0.0' ],
50 silly audit   he: [ '1.2.0' ],
50 silly audit   history: [ '5.2.0' ],
50 silly audit   hoopy: [ '0.1.4' ],
50 silly audit   'hpack.js': [ '2.1.6' ],
50 silly audit   'readable-stream': [ '2.3.7', '3.6.0' ],
50 silly audit   string_decoder: [ '1.1.1', '1.3.0' ],
50 silly audit   'html-encoding-sniffer': [ '2.0.1' ],
50 silly audit   'html-entities': [ '2.3.2' ],
50 silly audit   'html-escaper': [ '2.0.2' ],
50 silly audit   'html-minifier-terser': [ '6.1.0' ],
50 silly audit   'html-webpack-plugin': [ '5.5.0' ],
50 silly audit   htmlparser2: [ '6.1.0' ],
50 silly audit   'http-deceiver': [ '1.2.7' ],
50 silly audit   'http-errors': [ '1.8.1', '1.6.3' ],
50 silly audit   'http-parser-js': [ '0.5.5' ],
50 silly audit   'http-proxy': [ '1.18.1' ],
50 silly audit   'http-proxy-agent': [ '4.0.1' ],
50 silly audit   'http-proxy-middleware': [ '2.0.1' ],
50 silly audit   'https-proxy-agent': [ '5.0.0' ],
50 silly audit   'human-signals': [ '2.1.0' ],
50 silly audit   'icss-utils': [ '5.1.0' ],
50 silly audit   'identity-obj-proxy': [ '3.0.0' ],
50 silly audit   immediate: [ '3.0.6' ],
50 silly audit   immer: [ '9.0.12' ],
50 silly audit   'import-fresh': [ '3.3.0' ],
50 silly audit   'resolve-from': [ '4.0.0', '5.0.0' ],
50 silly audit   'import-local': [ '3.1.0' ],
50 silly audit   imurmurhash: [ '0.1.4' ],
50 silly audit   'indent-string': [ '4.0.0' ],
50 silly audit   inflight: [ '1.0.6' ],
50 silly audit   inherits: [ '2.0.4', '2.0.3' ],
50 silly audit   ini: [ '1.3.8' ],
50 silly audit   'internal-slot': [ '1.0.3' ],
50 silly audit   invariant: [ '2.2.4' ],
50 silly audit   ip: [ '1.1.5' ],
50 silly audit   'ipaddr.js': [ '2.0.1', '1.9.1' ],
50 silly audit   'is-arguments': [ '1.1.1' ],
50 silly audit   'is-arrayish': [ '0.2.1' ],
50 silly audit   'is-bigint': [ '1.0.4' ],
50 silly audit   'is-binary-path': [ '2.1.0' ],
50 silly audit   'is-boolean-object': [ '1.1.2' ],
50 silly audit   'is-callable': [ '1.2.4' ],
50 silly audit   'is-core-module': [ '2.8.1' ],
50 silly audit   'is-date-object': [ '1.0.5' ],
50 silly audit   'is-docker': [ '2.2.1' ],
50 silly audit   'is-extglob': [ '2.1.1' ],
50 silly audit   'is-fullwidth-code-point': [ '3.0.0' ],
50 silly audit   'is-generator-fn': [ '2.1.0' ],
50 silly audit   'is-glob': [ '4.0.3' ],
50 silly audit   'is-module': [ '1.0.0' ],
50 silly audit   'is-negative-zero': [ '2.0.2' ],
50 silly audit   'is-number': [ '7.0.0' ],
50 silly audit   'is-number-object': [ '1.0.6' ],
50 silly audit   'is-obj': [ '1.0.1' ],
50 silly audit   'is-path-cwd': [ '2.2.0' ],
50 silly audit   'is-path-inside': [ '3.0.3' ],
50 silly audit   'is-plain-obj': [ '3.0.0' ],
50 silly audit   'is-potential-custom-element-name': [ '1.0.1' ],
50 silly audit   'is-regex': [ '1.1.4' ],
50 silly audit   'is-regexp': [ '1.0.0' ],
50 silly audit   'is-root': [ '2.1.0' ],
50 silly audit   'is-shared-array-buffer': [ '1.0.1' ],
50 silly audit   'is-stream': [ '2.0.1' ],
50 silly audit   'is-string': [ '1.0.7' ],
50 silly audit   'is-symbol': [ '1.0.4' ],
50 silly audit   'is-typedarray': [ '1.0.0' ],
50 silly audit   'is-weakref': [ '1.0.2' ],
50 silly audit   'is-wsl': [ '2.2.0' ],
50 silly audit   isarray: [ '1.0.0' ],
50 silly audit   isexe: [ '2.0.0' ],
50 silly audit   'istanbul-lib-coverage': [ '3.2.0' ],
50 silly audit   'istanbul-lib-instrument': [ '5.1.0' ],
50 silly audit   'istanbul-lib-report': [ '3.0.0' ],
50 silly audit   'istanbul-lib-source-maps': [ '4.0.1' ],
50 silly audit   'istanbul-reports': [ '3.1.3' ],
50 silly audit   jake: [ '10.8.2' ],
50 silly audit   jest: [ '27.4.7' ],
50 silly audit   'jest-changed-files': [ '27.4.2' ],
50 silly audit   'jest-circus': [ '27.4.6' ],
50 silly audit   'jest-cli': [ '27.4.7' ],
50 silly audit   'jest-config': [ '27.4.7' ],
50 silly audit   'jest-diff': [ '27.4.6' ],
50 silly audit   'jest-docblock': [ '27.4.0' ],
50 silly audit   'jest-each': [ '27.4.6' ],
50 silly audit   'jest-environment-jsdom': [ '27.4.6' ],
50 silly audit   'jest-environment-node': [ '27.4.6' ],
50 silly audit   'jest-get-type': [ '27.4.0' ],
50 silly audit   'jest-haste-map': [ '27.4.6' ],
50 silly audit   'jest-jasmine2': [ '27.4.6' ],
50 silly audit   'jest-leak-detector': [ '27.4.6' ],
50 silly audit   'jest-matcher-utils': [ '27.4.6' ],
50 silly audit   'jest-message-util': [ '27.4.6' ],
50 silly audit   'jest-mock': [ '27.4.6' ],
50 silly audit   'jest-pnp-resolver': [ '1.2.2' ],
50 silly audit   'jest-regex-util': [ '27.4.0' ],
50 silly audit   'jest-resolve': [ '27.4.6' ],
50 silly audit   'jest-resolve-dependencies': [ '27.4.6' ],
50 silly audit   'jest-runner': [ '27.4.6' ],
50 silly audit   'jest-runtime': [ '27.4.6' ],
50 silly audit   'jest-serializer': [ '27.4.0' ],
50 silly audit   'jest-snapshot': [ '27.4.6' ],
50 silly audit   'jest-util': [ '27.4.2' ],
50 silly audit   'jest-validate': [ '27.4.6' ],
50 silly audit   'jest-watch-typeahead': [ '1.0.0' ],
50 silly audit   slash: [ '4.0.0', '3.0.0' ],
50 silly audit   'string-length': [ '5.0.1', '4.0.2' ],
50 silly audit   'strip-ansi': [ '7.0.1', '6.0.1' ],
50 silly audit   'jest-watcher': [ '27.4.6' ],
50 silly audit   'jest-worker': [ '27.4.6', '26.6.2' ],
50 silly audit   'js-tokens': [ '4.0.0' ],
50 silly audit   jsdom: [ '16.7.0' ],
50 silly audit   jsesc: [ '2.5.2', '0.5.0' ],
50 silly audit   'json-parse-better-errors': [ '1.0.2' ],
50 silly audit   'json-parse-even-better-errors': [ '2.3.1' ],
50 silly audit   'json-schema': [ '0.4.0' ],
50 silly audit   'json-stable-stringify-without-jsonify': [ '1.0.1' ],
50 silly audit   jsonfile: [ '6.1.0' ],
50 silly audit   jsonpointer: [ '5.0.0' ],
50 silly audit   'jsx-ast-utils': [ '3.2.1' ],
50 silly audit   jszip: [ '3.7.1' ],
50 silly audit   'kind-of': [ '6.0.3' ],
50 silly audit   kleur: [ '3.0.3' ],
50 silly audit   klona: [ '2.0.5' ],
50 silly audit   'language-subtag-registry': [ '0.3.21' ],
50 silly audit   'language-tags': [ '1.0.5' ],
50 silly audit   leven: [ '3.1.0' ],
50 silly audit   lie: [ '3.3.0' ],
50 silly audit   lilconfig: [ '2.0.4' ],
50 silly audit   'lines-and-columns': [ '1.2.4' ],
50 silly audit   'loader-runner': [ '4.2.0' ],
50 silly audit   lodash: [ '4.17.21' ],
50 silly audit   'lodash.camelcase': [ '4.3.0' ],
50 silly audit   'lodash.debounce': [ '4.0.8' ],
50 silly audit   'lodash.memoize': [ '4.1.2' ],
50 silly audit   'lodash.merge': [ '4.6.2' ],
50 silly audit   'lodash.sortby': [ '4.7.0' ],
50 silly audit   'lodash.uniq': [ '4.5.0' ],
50 silly audit   long: [ '4.0.0' ],
50 silly audit   'loose-envify': [ '1.4.0' ],
50 silly audit   'lower-case': [ '2.0.2' ],
50 silly audit   'lru-cache': [ '6.0.0' ],
50 silly audit   'lz-string': [ '1.4.4' ],
50 silly audit   'magic-string': [ '0.25.7' ],
50 silly audit   'make-dir': [ '3.1.0' ],
50 silly audit   makeerror: [ '1.0.12' ],
50 silly audit   'media-typer': [ '0.3.0' ],
50 silly audit   memfs: [ '3.4.1' ],
50 silly audit   'merge-descriptors': [ '1.0.1' ],
50 silly audit   'merge-stream': [ '2.0.0' ],
50 silly audit   merge2: [ '1.4.1' ],
50 silly audit   methods: [ '1.1.2' ],
50 silly audit   micromatch: [ '4.0.4' ],
50 silly audit   mime: [ '1.6.0' ],
50 silly audit   'mime-db': [ '1.51.0' ],
50 silly audit   'mime-types': [ '2.1.34' ],
50 silly audit   'mimic-fn': [ '2.1.0' ],
50 silly audit   'min-indent': [ '1.0.1' ],
50 silly audit   'mini-css-extract-plugin': [ '2.5.2' ],
50 silly audit   'minimalistic-assert': [ '1.0.1' ],
50 silly audit   minimatch: [ '3.0.4' ],
50 silly audit   minimist: [ '1.2.5' ],
50 silly audit   mkdirp: [ '0.5.5' ],
50 silly audit   'multicast-dns': [ '6.2.3' ],
50 silly audit   'multicast-dns-service-types': [ '1.1.0' ],
50 silly audit   nanoid: [ '3.2.0' ],
50 silly audit   'natural-compare': [ '1.4.0' ],
50 silly audit   negotiator: [ '0.6.2' ],
50 silly audit   'neo-async': [ '2.6.2' ],
50 silly audit   'no-case': [ '3.0.4' ],
50 silly audit   'node-fetch': [ '2.6.5' ],
50 silly audit   tr46: [ '0.0.3', '2.1.0', '1.0.1' ],
50 silly audit   'whatwg-url': [ '5.0.0', '8.7.0', '7.1.0' ],
50 silly audit   'node-forge': [ '1.2.1' ],
50 silly audit   'node-int64': [ '0.4.0' ],
50 silly audit   'node-releases': [ '2.0.1' ],
50 silly audit   'normalize-path': [ '3.0.0' ],
50 silly audit   'normalize-range': [ '0.1.2' ],
50 silly audit   'normalize-url': [ '6.1.0' ],
50 silly audit   'npm-run-path': [ '4.0.1' ],
50 silly audit   'nth-check': [ '2.0.1', '1.0.2' ],
50 silly audit   nwsapi: [ '2.2.0' ],
50 silly audit   'object-assign': [ '4.1.1' ],
50 silly audit   'object-hash': [ '2.2.0' ],
50 silly audit   'object-inspect': [ '1.12.0' ],
50 silly audit   'object-is': [ '1.1.5' ],
50 silly audit   'object-keys': [ '1.1.1' ],
50 silly audit   'object.assign': [ '4.1.2' ],
50 silly audit   'object.entries': [ '1.1.5' ],
50 silly audit   'object.fromentries': [ '2.0.5' ],
50 silly audit   'object.getownpropertydescriptors': [ '2.1.3' ],
50 silly audit   'object.hasown': [ '1.1.0' ],
50 silly audit   'object.values': [ '1.1.5' ],
50 silly audit   obuf: [ '1.1.2' ],
50 silly audit   'on-finished': [ '2.3.0' ],
50 silly audit   'on-headers': [ '1.0.2' ],
50 silly audit   once: [ '1.4.0' ],
50 silly audit   onetime: [ '5.1.2' ],
50 silly audit   open: [ '8.4.0' ],
50 silly audit   'p-map': [ '4.0.0' ],
50 silly audit   'p-retry': [ '4.6.1' ],
50 silly audit   pako: [ '1.0.11' ],
50 silly audit   'param-case': [ '3.0.4' ],
50 silly audit   'parent-module': [ '1.0.1' ],
50 silly audit   'parse-json': [ '5.2.0' ],
50 silly audit   parse5: [ '6.0.1' ],
50 silly audit   parseurl: [ '1.3.3' ],
50 silly audit   'pascal-case': [ '3.1.2' ],
50 silly audit   'path-is-absolute': [ '1.0.1' ],
50 silly audit   'path-key': [ '3.1.1' ],
50 silly audit   'path-parse': [ '1.0.7' ],
50 silly audit   'path-to-regexp': [ '0.1.7' ],
50 silly audit   'path-type': [ '4.0.0' ],
50 silly audit   'performance-now': [ '2.1.0' ],
50 silly audit   picocolors: [ '1.0.0', '0.2.1' ],
50 silly audit   picomatch: [ '2.3.1' ],
50 silly audit   pirates: [ '4.0.4' ],
50 silly audit   'pkg-dir': [ '4.2.0' ],
50 silly audit   'pkg-up': [ '3.1.0' ],
50 silly audit   portfinder: [ '1.0.28' ],
50 silly audit   postcss: [ '8.4.5', '7.0.39' ],
50 silly audit   'postcss-attribute-case-insensitive': [ '5.0.0' ],
50 silly audit   'postcss-browser-comments': [ '4.0.0' ],
50 silly audit   'postcss-calc': [ '8.2.2' ],
50 silly audit   'postcss-color-functional-notation': [ '4.2.1' ],
50 silly audit   'postcss-color-hex-alpha': [ '8.0.2' ],
50 silly audit   'postcss-color-rebeccapurple': [ '7.0.2' ],
50 silly audit   'postcss-colormin': [ '5.2.3' ],
50 silly audit   'postcss-convert-values': [ '5.0.2' ],
50 silly audit   'postcss-custom-media': [ '8.0.0' ],
50 silly audit   'postcss-custom-properties': [ '12.1.3' ],
50 silly audit   'postcss-custom-selectors': [ '6.0.0' ],
50 silly audit   'postcss-dir-pseudo-class': [ '6.0.3' ],
50 silly audit   'postcss-discard-comments': [ '5.0.1' ],
50 silly audit   'postcss-discard-duplicates': [ '5.0.1' ],
50 silly audit   'postcss-discard-empty': [ '5.0.1' ],
50 silly audit   'postcss-discard-overridden': [ '5.0.2' ],
50 silly audit   'postcss-double-position-gradients': [ '3.0.4' ],
50 silly audit   'postcss-env-function': [ '4.0.4' ],
50 silly audit   'postcss-flexbugs-fixes': [ '5.0.2' ],
50 silly audit   'postcss-focus-visible': [ '6.0.3' ],
50 silly audit   'postcss-focus-within': [ '5.0.3' ],
50 silly audit   'postcss-font-variant': [ '5.0.0' ],
50 silly audit   'postcss-gap-properties': [ '3.0.2' ],
50 silly audit   'postcss-image-set-function': [ '4.0.4' ],
50 silly audit   'postcss-initial': [ '4.0.1' ],
50 silly audit   'postcss-js': [ '4.0.0' ],
50 silly audit   'postcss-lab-function': [ '4.0.3' ],
50 silly audit   'postcss-load-config': [ '3.1.1' ],
50 silly audit   'postcss-loader': [ '6.2.1' ],
50 silly audit   'postcss-logical': [ '5.0.3' ],
50 silly audit   'postcss-media-minmax': [ '5.0.0' ],
50 silly audit   'postcss-merge-longhand': [ '5.0.4' ],
50 silly audit   'postcss-merge-rules': [ '5.0.4' ],
50 silly audit   'postcss-minify-font-values': [ '5.0.2' ],
50 silly audit   'postcss-minify-gradients': [ '5.0.4' ],
50 silly audit   'postcss-minify-params': [ '5.0.3' ],
50 silly audit   'postcss-minify-selectors': [ '5.1.1' ],
50 silly audit   'postcss-modules-extract-imports': [ '3.0.0' ],
50 silly audit   'postcss-modules-local-by-default': [ '4.0.0' ],
50 silly audit   'postcss-modules-scope': [ '3.0.0' ],
50 silly audit   'postcss-modules-values': [ '4.0.0' ],
50 silly audit   'postcss-nested': [ '5.0.6' ],
50 silly audit   'postcss-nesting': [ '10.1.2' ],
50 silly audit   'postcss-normalize': [ '10.0.1' ],
50 silly audit   'postcss-normalize-charset': [ '5.0.1' ],
50 silly audit   'postcss-normalize-display-values': [ '5.0.2' ],
50 silly audit   'postcss-normalize-positions': [ '5.0.2' ],
50 silly audit   'postcss-normalize-repeat-style': [ '5.0.2' ],
50 silly audit   'postcss-normalize-string': [ '5.0.2' ],
50 silly audit   'postcss-normalize-timing-functions': [ '5.0.2' ],
50 silly audit   'postcss-normalize-unicode': [ '5.0.2' ],
50 silly audit   'postcss-normalize-url': [ '5.0.4' ],
50 silly audit   'postcss-normalize-whitespace': [ '5.0.2' ],
50 silly audit   'postcss-ordered-values': [ '5.0.3' ],
50 silly audit   'postcss-overflow-shorthand': [ '3.0.2' ],
50 silly audit   'postcss-page-break': [ '3.0.4' ],
50 silly audit   'postcss-place': [ '7.0.3' ],
50 silly audit   'postcss-preset-env': [ '7.2.3' ],
50 silly audit   'postcss-pseudo-class-any-link': [ '7.0.2' ],
50 silly audit   'postcss-reduce-initial': [ '5.0.2' ],
50 silly audit   'postcss-reduce-transforms': [ '5.0.2' ],
50 silly audit   'postcss-replace-overflow-wrap': [ '4.0.0' ],
50 silly audit   'postcss-selector-not': [ '5.0.0' ],
50 silly audit   'postcss-selector-parser': [ '6.0.9' ],
50 silly audit   'postcss-svgo': [ '5.0.3' ],
50 silly audit   svgo: [ '2.8.0', '1.3.2' ],
50 silly audit   'postcss-unique-selectors': [ '5.0.2' ],
50 silly audit   'postcss-value-parser': [ '4.2.0' ],
50 silly audit   'pretty-bytes': [ '5.6.0' ],
50 silly audit   'pretty-error': [ '4.0.0' ],
50 silly audit   'pretty-format': [ '27.4.6' ],
50 silly audit   'process-nextick-args': [ '2.0.1' ],
50 silly audit   promise: [ '8.1.0' ],
50 silly audit   'promise-polyfill': [ '8.1.3' ],
50 silly audit   prompts: [ '2.4.2' ],
50 silly audit   'prop-types': [ '15.8.1' ],
50 silly audit   'prop-types-extra': [ '1.1.1' ],
50 silly audit   'react-is': [ '16.13.1', '17.0.2' ],
50 silly audit   protobufjs: [ '6.11.2' ],
50 silly audit   'proxy-addr': [ '2.0.7' ],
50 silly audit   psl: [ '1.8.0' ],
50 silly audit   punycode: [ '2.1.1' ],
50 silly audit   q: [ '1.5.1' ],
50 silly audit   qs: [ '6.9.6' ],
50 silly audit   'queue-microtask': [ '1.2.3' ],
50 silly audit   'quick-lru': [ '5.1.1' ],
50 silly audit   raf: [ '3.4.1' ],
50 silly audit   randombytes: [ '2.1.0' ],
50 silly audit   'range-parser': [ '1.2.1' ],
50 silly audit   'raw-body': [ '2.4.2' ],
50 silly audit   react: [ '17.0.2' ],
50 silly audit   'react-app-polyfill': [ '3.0.0' ],
50 silly audit   'react-bootstrap': [ '2.1.1' ],
50 silly audit   'react-dev-utils': [ '12.0.0' ],
50 silly audit   'react-dom': [ '17.0.2' ],
50 silly audit   'react-error-overlay': [ '6.0.10' ],
50 silly audit   'react-lifecycles-compat': [ '3.0.4' ],
50 silly audit   'react-refresh': [ '0.11.0' ],
50 silly audit   'react-router': [ '6.2.1' ],
50 silly audit   'react-router-dom': [ '6.2.1' ],
50 silly audit   'react-scripts': [ '5.0.0' ],
50 silly audit   'react-transition-group': [ '4.4.2' ],
50 silly audit   readdirp: [ '3.6.0' ],
50 silly audit   'recursive-readdir': [ '2.2.2' ],
50 silly audit   redent: [ '3.0.0' ],
50 silly audit   regenerate: [ '1.4.2' ],
50 silly audit   'regenerate-unicode-properties': [ '9.0.0' ],
50 silly audit   'regenerator-runtime': [ '0.13.9' ],
50 silly audit   'regenerator-transform': [ '0.14.5' ],
50 silly audit   'regex-parser': [ '2.2.11' ],
50 silly audit   'regexp.prototype.flags': [ '1.4.1' ],
50 silly audit   regexpp: [ '3.2.0' ],
50 silly audit   'regexpu-core': [ '4.8.0' ],
50 silly audit   regjsgen: [ '0.5.2' ],
50 silly audit   regjsparser: [ '0.7.0' ],
50 silly audit   relateurl: [ '0.2.7' ],
50 silly audit   renderkid: [ '3.0.0' ],
50 silly audit   'require-directory': [ '2.1.1' ],
50 silly audit   'require-from-string': [ '2.0.2' ],
50 silly audit   'requires-port': [ '1.0.0' ],
50 silly audit   'resolve-cwd': [ '3.0.0' ],
50 silly audit   'resolve-url-loader': [ '4.0.0' ],
50 silly audit   'resolve.exports': [ '1.1.0' ],
50 silly audit   retry: [ '0.13.1' ],
50 silly audit   reusify: [ '1.0.4' ],
50 silly audit   rimraf: [ '3.0.2' ],
50 silly audit   rollup: [ '2.64.0' ],
50 silly audit   'rollup-plugin-terser': [ '7.0.2' ],
50 silly audit   'serialize-javascript': [ '4.0.0', '6.0.0' ],
50 silly audit   'run-parallel': [ '1.2.0' ],
50 silly audit   'safer-buffer': [ '2.1.2' ],
50 silly audit   'sanitize.css': [ '13.0.0' ],
50 silly audit   'sass-loader': [ '12.4.0' ],
50 silly audit   sax: [ '1.2.4' ],
50 silly audit   saxes: [ '5.0.1' ],
50 silly audit   scheduler: [ '0.20.2' ],
50 silly audit   'select-hose': [ '2.0.0' ],
50 silly audit   'selenium-webdriver': [ '4.0.0-rc-1' ],
50 silly audit   selfsigned: [ '2.0.0' ],
50 silly audit   send: [ '0.17.2' ],
50 silly audit   'serve-index': [ '1.9.1' ],
50 silly audit   setprototypeof: [ '1.1.0', '1.2.0' ],
50 silly audit   'serve-static': [ '1.14.2' ],
50 silly audit   'set-immediate-shim': [ '1.0.1' ],
50 silly audit   'shebang-command': [ '2.0.0' ],
50 silly audit   'shebang-regex': [ '3.0.0' ],
50 silly audit   'shell-quote': [ '1.7.3' ],
50 silly audit   'side-channel': [ '1.0.4' ],
50 silly audit   'signal-exit': [ '3.0.6' ],
50 silly audit   sisteransi: [ '1.0.5' ],
50 silly audit   sockjs: [ '0.3.24' ],
50 silly audit   'source-list-map': [ '2.0.1' ],
50 silly audit   'source-map-js': [ '1.0.2' ],
50 silly audit   'source-map-loader': [ '3.0.1' ],
50 silly audit   'source-map-resolve': [ '0.6.0' ],
50 silly audit   'source-map-support': [ '0.5.21' ],
50 silly audit   'source-map-url': [ '0.4.1' ],
50 silly audit   'sourcemap-codec': [ '1.4.8' ],
50 silly audit   spdy: [ '4.0.2' ],
50 silly audit   'spdy-transport': [ '3.0.0' ],
50 silly audit   'sprintf-js': [ '1.0.3' ],
50 silly audit   stable: [ '0.1.8' ],
50 silly audit   'stack-utils': [ '2.0.5' ],
50 silly audit   stackframe: [ '1.2.0' ],
50 silly audit   statuses: [ '1.5.0' ],
50 silly audit   'string-natural-compare': [ '3.0.1' ],
50 silly audit   'string-width': [ '4.2.3' ],
50 silly audit   'string.prototype.matchall': [ '4.0.6' ],
50 silly audit   'string.prototype.trimend': [ '1.0.4' ],
50 silly audit   'string.prototype.trimstart': [ '1.0.4' ],
50 silly audit   'stringify-object': [ '3.3.0' ],
50 silly audit   'strip-bom': [ '4.0.0', '3.0.0' ],
50 silly audit   'strip-comments': [ '2.0.1' ],
50 silly audit   'strip-final-newline': [ '2.0.0' ],
50 silly audit   'strip-indent': [ '3.0.0' ],
50 silly audit   'strip-json-comments': [ '3.1.1' ],
50 silly audit   'style-loader': [ '3.3.1' ],
50 silly audit   stylehacks: [ '5.0.1' ],
50 silly audit   'supports-hyperlinks': [ '2.2.0' ],
50 silly audit   'supports-preserve-symlinks-flag': [ '1.0.0' ],
50 silly audit   'svg-parser': [ '2.0.4' ],
50 silly audit   'symbol-tree': [ '3.2.4' ],
50 silly audit   tailwindcss: [ '3.0.15' ],
50 silly audit   'temp-dir': [ '2.0.0' ],
50 silly audit   tempy: [ '0.6.0' ],
50 silly audit   'terminal-link': [ '2.1.1' ],
50 silly audit   terser: [ '5.10.0' ],
50 silly audit   'terser-webpack-plugin': [ '5.3.0' ],
50 silly audit   'test-exclude': [ '6.0.0' ],
50 silly audit   'text-table': [ '0.2.0' ],
50 silly audit   throat: [ '6.0.1' ],
50 silly audit   thunky: [ '1.1.0' ],
50 silly audit   timsort: [ '0.3.0' ],
50 silly audit   tmp: [ '0.2.1' ],
50 silly audit   tmpl: [ '1.0.5' ],
50 silly audit   'to-fast-properties': [ '2.0.0' ],
50 silly audit   'to-regex-range': [ '5.0.1' ],
50 silly audit   toidentifier: [ '1.0.1' ],
50 silly audit   'tough-cookie': [ '4.0.0' ],
50 silly audit   universalify: [ '0.1.2', '2.0.0' ],
50 silly audit   tryer: [ '1.0.1' ],
50 silly audit   'tsconfig-paths': [ '3.12.0' ],
50 silly audit   tslib: [ '2.3.1', '1.14.1' ],
50 silly audit   tsutils: [ '3.21.0' ],
50 silly audit   'type-detect': [ '4.0.8' ],
50 silly audit   'type-is': [ '1.6.18' ],
50 silly audit   'typedarray-to-buffer': [ '3.1.5' ],
50 silly audit   typescript: [ '4.5.5' ],
50 silly audit   'unbox-primitive': [ '1.0.1' ],
50 silly audit   uncontrollable: [ '7.2.1' ],
50 silly audit   'unicode-canonical-property-names-ecmascript': [ '2.0.0' ],
50 silly audit   'unicode-match-property-ecmascript': [ '2.0.0' ],
50 silly audit   'unicode-match-property-value-ecmascript': [ '2.0.0' ],
50 silly audit   'unicode-property-aliases-ecmascript': [ '2.0.0' ],
50 silly audit   'unique-string': [ '2.0.0' ],
50 silly audit   unpipe: [ '1.0.0' ],
50 silly audit   unquote: [ '1.1.1' ],
50 silly audit   upath: [ '1.2.0' ],
50 silly audit   'uri-js': [ '4.4.1' ],
50 silly audit   'util-deprecate': [ '1.0.2' ],
50 silly audit   'util.promisify': [ '1.0.1' ],
50 silly audit   utila: [ '0.4.0' ],
50 silly audit   'utils-merge': [ '1.0.1' ],
50 silly audit   uuid: [ '8.3.2' ],
50 silly audit   'v8-compile-cache': [ '2.3.0' ],
50 silly audit   'v8-to-istanbul': [ '8.1.1' ],
50 silly audit   vary: [ '1.1.2' ],
50 silly audit   'w3c-hr-time': [ '1.0.2' ],
50 silly audit   'w3c-xmlserializer': [ '2.0.0' ],
50 silly audit   walker: [ '1.0.8' ],
50 silly audit   warning: [ '4.0.3' ],
50 silly audit   watchpack: [ '2.3.1' ],
50 silly audit   wbuf: [ '1.7.3' ],
50 silly audit   'web-vitals': [ '2.1.3' ],
50 silly audit   webpack: [ '5.66.0' ],
50 silly audit   'webpack-dev-middleware': [ '5.3.0' ],
50 silly audit   'webpack-dev-server': [ '4.7.3' ],
50 silly audit   ws: [ '8.4.2', '7.5.6' ],
50 silly audit   'webpack-manifest-plugin': [ '4.1.1' ],
50 silly audit   'webpack-sources': [ '2.3.1', '3.2.3', '1.4.3' ],
50 silly audit   'websocket-driver': [ '0.7.4' ],
50 silly audit   'websocket-extensions': [ '0.1.4' ],
50 silly audit   'whatwg-encoding': [ '1.0.5' ],
50 silly audit   'whatwg-mimetype': [ '2.3.0' ],
50 silly audit   'which-boxed-primitive': [ '1.0.2' ],
50 silly audit   'word-wrap': [ '1.2.3' ],
50 silly audit   'workbox-background-sync': [ '6.4.2' ],
50 silly audit   'workbox-broadcast-update': [ '6.4.2' ],
50 silly audit   'workbox-build': [ '6.4.2' ],
50 silly audit   '@apideck/better-ajv-errors': [ '0.3.2' ],
50 silly audit   'workbox-cacheable-response': [ '6.4.2' ],
50 silly audit   'workbox-core': [ '6.4.2' ],
50 silly audit   'workbox-expiration': [ '6.4.2' ],
50 silly audit   'workbox-google-analytics': [ '6.4.2' ],
50 silly audit   'workbox-navigation-preload': [ '6.4.2' ],
50 silly audit   'workbox-precaching': [ '6.4.2' ],
50 silly audit   'workbox-range-requests': [ '6.4.2' ],
50 silly audit   'workbox-recipes': [ '6.4.2' ],
50 silly audit   'workbox-routing': [ '6.4.2' ],
50 silly audit   'workbox-strategies': [ '6.4.2' ],
50 silly audit   'workbox-streams': [ '6.4.2' ],
50 silly audit   'workbox-sw': [ '6.4.2' ],
50 silly audit   'workbox-webpack-plugin': [ '6.4.2' ],
50 silly audit   'workbox-window': [ '6.4.2' ],
50 silly audit   'wrap-ansi': [ '7.0.0' ],
50 silly audit   wrappy: [ '1.0.2' ],
50 silly audit   'write-file-atomic': [ '3.0.3' ],
50 silly audit   'xml-name-validator': [ '3.0.0' ],
50 silly audit   xmlchars: [ '2.2.0' ],
50 silly audit   xtend: [ '4.0.2' ],
50 silly audit   y18n: [ '5.0.8' ],
50 silly audit   yallist: [ '4.0.0' ],
50 silly audit   yaml: [ '1.10.2' ],
50 silly audit   yargs: [ '16.2.0' ],
50 silly audit   'yargs-parser': [ '20.2.9' ],
50 silly audit   'yocto-queue': [ '0.1.0' ],
50 silly audit   'react-hook-form': [ '7.25.0' ]
50 silly audit }
51 verbose reify failed optional dependency C:\projects\tourist-places\node_modules\fsevents
52 silly reify mark deleted [ 'C:\\projects\\tourist-places\\node_modules\\fsevents' ]
53 timing reifyNode:node_modules/fsevents Completed in 73ms
54 silly tarball no local data for react-hook-form@https://registry.npmjs.org/react-hook-form/-/react-hook-form-7.25.0.tgz. Extracting by manifest.
55 http fetch POST 200 https://registry.npmjs.org/-/npm/v1/security/advisories/bulk 3013ms
56 timing auditReport:getReport Completed in 3070ms
57 silly audit report {
57 silly audit report   'node-fetch': [
57 silly audit report     {
57 silly audit report       id: 1006899,
57 silly audit report       url: 'https://github.com/advisories/GHSA-r683-j2x4-v87g',
57 silly audit report       title: 'node-fetch is vulnerable to Exposure of Sensitive Information to an Unauthorized Actor',
57 silly audit report       severity: 'high',
57 silly audit report       vulnerable_versions: '<2.6.7'
57 silly audit report     }
57 silly audit report   ],
57 silly audit report   'nth-check': [
57 silly audit report     {
57 silly audit report       id: 1004967,
57 silly audit report       url: 'https://github.com/advisories/GHSA-rp65-9cf3-cjxr',
57 silly audit report       title: 'Inefficient Regular Expression Complexity in nth-check',
57 silly audit report       severity: 'moderate',
57 silly audit report       vulnerable_versions: '<2.0.1'
57 silly audit report     }
57 silly audit report   ],
57 silly audit report   postcss: [
57 silly audit report     {
57 silly audit report       id: 1006846,
57 silly audit report       url: 'https://github.com/advisories/GHSA-566m-qj78-rww5',
57 silly audit report       title: 'Regular Expression Denial of Service in postcss',
57 silly audit report       severity: 'moderate',
57 silly audit report       vulnerable_versions: '<8.2.13'
57 silly audit report     }
57 silly audit report   ]
57 silly audit report }
58 timing metavuln:cache:get:security-advisory:postcss:GrijH2MF5xFvcGnLjcTcqSU65k1AM97Xn6KfLAvikbW4YjNf4SVNC2R4K+9gk0qtWmMa1veij2cR8KUdPKkneA== Completed in 320ms
59 timing metavuln:cache:get:security-advisory:nth-check:phzbT+HCVgpA1C0GvSQ+THzeiYTr85AjCi0uOiMdmcC5FQFZSg2cAxsM7WmntPfv9aYplGKdCep6sPcOzXhQDw== Completed in 323ms
60 timing metavuln:cache:get:security-advisory:node-fetch:uaZ3UpetgMoaSFDS6DtQK9+5KXhDQHg9nxPjdRKLpQbF/XdpCvGUNsQpackRFbF2Kj8o/EnjD2og3Lza4bG1eQ== Completed in 367ms
61 http fetch GET 200 https://registry.npmjs.org/node-fetch 1748ms (cache revalidated)
62 timing metavuln:packument:node-fetch Completed in 1751ms
63 timing metavuln:load:security-advisory:node-fetch:1006899 Completed in 3ms
64 timing metavuln:calculate:security-advisory:node-fetch:1006899 Completed in 1755ms
65 http fetch GET 200 https://registry.npmjs.org/nth-check 3663ms (cache revalidated)
66 timing metavuln:packument:nth-check Completed in 3664ms
67 timing metavuln:load:security-advisory:nth-check:1004967 Completed in 1ms
68 timing metavuln:calculate:security-advisory:nth-check:1004967 Completed in 3665ms
69 http fetch GET 200 https://registry.npmjs.org/postcss 3674ms (cache revalidated)
70 timing metavuln:packument:postcss Completed in 3681ms
71 timing metavuln:load:security-advisory:postcss:1006846 Completed in 6ms
72 timing metavuln:calculate:security-advisory:postcss:1006846 Completed in 3687ms
73 timing metavuln:cache:get:security-advisory:@firebase/auth:oWrt5s5GorqP0aN1Mq3OnfrPr6gsHqDdJKww4dSfohkYUegFf9IkQUnQ8xxFiAGdKV6XMPk95+ofRpp7kQwB9Q== Completed in 272ms
74 timing metavuln:cache:get:security-advisory:@firebase/auth-compat:xJhoJC86vGfhtbb4DD/8tketM95b4BwjDFEuznDj9O/Iaklgy8y42DmnoEhelP5mwRrfe70jkwFHPxqqZRuMHA== Completed in 273ms
75 timing metavuln:cache:get:security-advisory:@firebase/storage:V5oMeKx/VYNilg17ih/DnfRYaqKbt8gnTZAb6sNEm0qqZYDVgAppbkA8pmiOvcJ5k3V0oSxPAyJwoW2mMFsnQQ== Completed in 270ms
76 timing metavuln:cache:get:security-advisory:@firebase/functions:bVgyiMuZWIfK68gZ+qY/+8Nt/YaSSZ2RuYa6rVeLDlzGpQN2WtLCkk2T0xAZ5lTBX0AcApWdRE0z3vdUdypT3A== Completed in 287ms
77 timing metavuln:cache:get:security-advisory:@firebase/firestore:ZYPy+Eubx2CxPFgSMKutSTqhnwmaETfuNExEBU+t9oIOuuIiWRm1CuqIi1xHGxyOue8nAWv6xUCtihN6khVhPQ== Completed in 301ms
78 http fetch GET 200 https://registry.npmjs.org/react-hook-form/-/react-hook-form-7.25.0.tgz 15098ms (cache miss)
79 timing reifyNode:node_modules/react-hook-form Completed in 15270ms
80 timing reify:unpack Completed in 15270ms
81 timing reify:unretire Completed in 0ms
82 timing build:queue Completed in 25ms
83 timing build:deps Completed in 26ms
84 timing build Completed in 26ms
85 timing reify:build Completed in 28ms
86 timing reify:trash Completed in 4ms
87 timing reify:save Completed in 2388ms
88 http fetch GET 200 https://registry.npmjs.org/@firebase%2fauth-compat 46938ms (cache updated)
89 timing metavuln:packument:@firebase/auth-compat Completed in 46943ms
90 timing metavuln:load:security-advisory:@firebase/auth-compat:uaZ3UpetgMoaSFDS6DtQK9+5KXhDQHg9nxPjdRKLpQbF/XdpCvGUNsQpackRFbF2Kj8o/EnjD2og3Lza4bG1eQ== Completed in 66ms
91 timing metavuln:cache:put:security-advisory:@firebase/auth-compat:xJhoJC86vGfhtbb4DD/8tketM95b4BwjDFEuznDj9O/Iaklgy8y42DmnoEhelP5mwRrfe70jkwFHPxqqZRuMHA== Completed in 146ms
92 timing metavuln:calculate:security-advisory:@firebase/auth-compat:uaZ3UpetgMoaSFDS6DtQK9+5KXhDQHg9nxPjdRKLpQbF/XdpCvGUNsQpackRFbF2Kj8o/EnjD2og3Lza4bG1eQ== Completed in 47156ms
93 http fetch GET 200 https://registry.npmjs.org/@firebase%2fauth 201074ms (cache updated)
94 timing metavuln:packument:@firebase/auth Completed in 201110ms
95 timing metavuln:load:security-advisory:@firebase/auth:uaZ3UpetgMoaSFDS6DtQK9+5KXhDQHg9nxPjdRKLpQbF/XdpCvGUNsQpackRFbF2Kj8o/EnjD2og3Lza4bG1eQ== Completed in 260ms
96 timing metavuln:cache:put:security-advisory:@firebase/auth:oWrt5s5GorqP0aN1Mq3OnfrPr6gsHqDdJKww4dSfohkYUegFf9IkQUnQ8xxFiAGdKV6XMPk95+ofRpp7kQwB9Q== Completed in 90ms
97 timing metavuln:calculate:security-advisory:@firebase/auth:uaZ3UpetgMoaSFDS6DtQK9+5KXhDQHg9nxPjdRKLpQbF/XdpCvGUNsQpackRFbF2Kj8o/EnjD2og3Lza4bG1eQ== Completed in 201461ms
98 http fetch GET 200 https://registry.npmjs.org/@firebase%2ffunctions 213964ms (cache updated)
99 timing metavuln:packument:@firebase/functions Completed in 214016ms
100 timing metavuln:load:security-advisory:@firebase/functions:uaZ3UpetgMoaSFDS6DtQK9+5KXhDQHg9nxPjdRKLpQbF/XdpCvGUNsQpackRFbF2Kj8o/EnjD2og3Lza4bG1eQ== Completed in 287ms
101 timing metavuln:cache:put:security-advisory:@firebase/functions:bVgyiMuZWIfK68gZ+qY/+8Nt/YaSSZ2RuYa6rVeLDlzGpQN2WtLCkk2T0xAZ5lTBX0AcApWdRE0z3vdUdypT3A== Completed in 27ms
102 timing metavuln:calculate:security-advisory:@firebase/functions:uaZ3UpetgMoaSFDS6DtQK9+5KXhDQHg9nxPjdRKLpQbF/XdpCvGUNsQpackRFbF2Kj8o/EnjD2og3Lza4bG1eQ== Completed in 214330ms
103 http fetch GET 200 https://registry.npmjs.org/@firebase%2fstorage 220341ms (cache updated)
104 timing metavuln:packument:@firebase/storage Completed in 220439ms
105 timing metavuln:load:security-advisory:@firebase/storage:uaZ3UpetgMoaSFDS6DtQK9+5KXhDQHg9nxPjdRKLpQbF/XdpCvGUNsQpackRFbF2Kj8o/EnjD2og3Lza4bG1eQ== Completed in 221ms
106 timing metavuln:cache:put:security-advisory:@firebase/storage:V5oMeKx/VYNilg17ih/DnfRYaqKbt8gnTZAb6sNEm0qqZYDVgAppbkA8pmiOvcJ5k3V0oSxPAyJwoW2mMFsnQQ== Completed in 78ms
107 timing metavuln:calculate:security-advisory:@firebase/storage:uaZ3UpetgMoaSFDS6DtQK9+5KXhDQHg9nxPjdRKLpQbF/XdpCvGUNsQpackRFbF2Kj8o/EnjD2og3Lza4bG1eQ== Completed in 220738ms
108 http fetch GET 200 https://registry.npmjs.org/@firebase%2ffirestore 237046ms (cache updated)
109 timing metavuln:packument:@firebase/firestore Completed in 237177ms
110 timing metavuln:load:security-advisory:@firebase/firestore:uaZ3UpetgMoaSFDS6DtQK9+5KXhDQHg9nxPjdRKLpQbF/XdpCvGUNsQpackRFbF2Kj8o/EnjD2og3Lza4bG1eQ== Completed in 245ms
111 timing metavuln:cache:put:security-advisory:@firebase/firestore:ZYPy+Eubx2CxPFgSMKutSTqhnwmaETfuNExEBU+t9oIOuuIiWRm1CuqIi1xHGxyOue8nAWv6xUCtihN6khVhPQ== Completed in 20ms
112 timing metavuln:calculate:security-advisory:@firebase/firestore:uaZ3UpetgMoaSFDS6DtQK9+5KXhDQHg9nxPjdRKLpQbF/XdpCvGUNsQpackRFbF2Kj8o/EnjD2og3Lza4bG1eQ== Completed in 237443ms
113 timing metavuln:cache:get:security-advisory:css-select:QvKraIGpcyVxEwFP0qxpEFcY9Kx8ThCeiILkMKxPQIjEnGuEnh3anOmKy/kR5kMZzYPfqYeVltD9/X58U3TjZA== Completed in 36ms
114 http fetch GET 200 https://registry.npmjs.org/css-select 129ms (cache revalidated)
115 timing metavuln:packument:css-select Completed in 132ms
116 timing metavuln:load:security-advisory:css-select:phzbT+HCVgpA1C0GvSQ+THzeiYTr85AjCi0uOiMdmcC5FQFZSg2cAxsM7WmntPfv9aYplGKdCep6sPcOzXhQDw== Completed in 0ms
117 timing metavuln:calculate:security-advisory:css-select:phzbT+HCVgpA1C0GvSQ+THzeiYTr85AjCi0uOiMdmcC5FQFZSg2cAxsM7WmntPfv9aYplGKdCep6sPcOzXhQDw== Completed in 134ms
118 timing metavuln:cache:get:security-advisory:resolve-url-loader:vIMY8vNwzPZQlD5JYm0liPGYen1JnF8FF0nRFLpAJkBV5bbH0v/ULMe1oVFpaBoNPBz9haG5YaF2Ou/yxRS+Kg== Completed in 13ms
119 http fetch GET 200 https://registry.npmjs.org/resolve-url-loader 97ms (cache revalidated)
120 timing metavuln:packument:resolve-url-loader Completed in 99ms
121 timing metavuln:load:security-advisory:resolve-url-loader:GrijH2MF5xFvcGnLjcTcqSU65k1AM97Xn6KfLAvikbW4YjNf4SVNC2R4K+9gk0qtWmMa1veij2cR8KUdPKkneA== Completed in 0ms
122 timing metavuln:calculate:security-advisory:resolve-url-loader:GrijH2MF5xFvcGnLjcTcqSU65k1AM97Xn6KfLAvikbW4YjNf4SVNC2R4K+9gk0qtWmMa1veij2cR8KUdPKkneA== Completed in 99ms
123 timing metavuln:cache:get:security-advisory:firebase:/Z0xxw55S9er0fOIkzU7H+L5prjRtZd00Tb7mIRF8WFwQxGQoFOG7+forOkimxFN3jNhz0PaTGznk7voe9ge5g== Completed in 62ms
124 http fetch GET 200 https://registry.npmjs.org/firebase 78941ms (cache updated)
125 timing metavuln:packument:firebase Completed in 79076ms
126 timing metavuln:load:security-advisory:firebase:xJhoJC86vGfhtbb4DD/8tketM95b4BwjDFEuznDj9O/Iaklgy8y42DmnoEhelP5mwRrfe70jkwFHPxqqZRuMHA== Completed in 320ms
127 timing metavuln:cache:put:security-advisory:firebase:/Z0xxw55S9er0fOIkzU7H+L5prjRtZd00Tb7mIRF8WFwQxGQoFOG7+forOkimxFN3jNhz0PaTGznk7voe9ge5g== Completed in 18ms
128 timing metavuln:calculate:security-advisory:firebase:xJhoJC86vGfhtbb4DD/8tketM95b4BwjDFEuznDj9O/Iaklgy8y42DmnoEhelP5mwRrfe70jkwFHPxqqZRuMHA== Completed in 79416ms
129 timing metavuln:cache:get:security-advisory:firebase:HcWrHU+KET9zx6tlRvb0zL1zbVwmFj+5kUS1Fke7lrIRhvhpgaiVX3JTEpB5/fnXPjzXCiX4/akRmRdr4W9CBg== Completed in 107ms
130 timing metavuln:load:security-advisory:firebase:oWrt5s5GorqP0aN1Mq3OnfrPr6gsHqDdJKww4dSfohkYUegFf9IkQUnQ8xxFiAGdKV6XMPk95+ofRpp7kQwB9Q== Completed in 8383ms
131 timing metavuln:cache:get:security-advisory:@firebase/auth-compat:Urf8ZNS/ttvZQBvu/hzhN1LyjUKP6ZUd3RmX0j43Zy+uNlcLaqgonER5aq3FRsMVaM9iWilOJ82dlFR1kAC4xg== Completed in 8496ms
132 timing metavuln:load:security-advisory:@firebase/auth-compat:oWrt5s5GorqP0aN1Mq3OnfrPr6gsHqDdJKww4dSfohkYUegFf9IkQUnQ8xxFiAGdKV6XMPk95+ofRpp7kQwB9Q== Completed in 64ms
133 timing metavuln:cache:put:security-advisory:@firebase/auth-compat:Urf8ZNS/ttvZQBvu/hzhN1LyjUKP6ZUd3RmX0j43Zy+uNlcLaqgonER5aq3FRsMVaM9iWilOJ82dlFR1kAC4xg== Completed in 39ms
134 timing metavuln:calculate:security-advisory:@firebase/auth-compat:oWrt5s5GorqP0aN1Mq3OnfrPr6gsHqDdJKww4dSfohkYUegFf9IkQUnQ8xxFiAGdKV6XMPk95+ofRpp7kQwB9Q== Completed in 8599ms
135 timing metavuln:cache:put:security-advisory:firebase:HcWrHU+KET9zx6tlRvb0zL1zbVwmFj+5kUS1Fke7lrIRhvhpgaiVX3JTEpB5/fnXPjzXCiX4/akRmRdr4W9CBg== Completed in 110ms
136 timing metavuln:calculate:security-advisory:firebase:oWrt5s5GorqP0aN1Mq3OnfrPr6gsHqDdJKww4dSfohkYUegFf9IkQUnQ8xxFiAGdKV6XMPk95+ofRpp7kQwB9Q== Completed in 8600ms
137 timing metavuln:cache:get:security-advisory:@firebase/functions-compat:Q6lIN/WoOBE/ErW+gorxaqXEJe+XvhQV0ThjE3IAs63Xkef2vYD/MFpxam+JNQyohS6i6KC39fOp4uYDNwyaGQ== Completed in 123ms
138 timing metavuln:cache:get:security-advisory:firebase:pxXxBNKn/V19WXqcH9DIXk1Vnth9KQ1HNRw3M1i+wzBvK/yXmv1t4cKe67v0kkZTwsqj0Iq/lpYN8zC9WmjN3w== Completed in 133ms
139 timing metavuln:load:security-advisory:firebase:bVgyiMuZWIfK68gZ+qY/+8Nt/YaSSZ2RuYa6rVeLDlzGpQN2WtLCkk2T0xAZ5lTBX0AcApWdRE0z3vdUdypT3A== Completed in 4650ms
140 timing metavuln:cache:put:security-advisory:firebase:pxXxBNKn/V19WXqcH9DIXk1Vnth9KQ1HNRw3M1i+wzBvK/yXmv1t4cKe67v0kkZTwsqj0Iq/lpYN8zC9WmjN3w== Completed in 25ms
141 timing metavuln:calculate:security-advisory:firebase:bVgyiMuZWIfK68gZ+qY/+8Nt/YaSSZ2RuYa6rVeLDlzGpQN2WtLCkk2T0xAZ5lTBX0AcApWdRE0z3vdUdypT3A== Completed in 4809ms
142 http fetch GET 200 https://registry.npmjs.org/@firebase%2ffunctions-compat 6341ms (cache updated)
143 timing metavuln:packument:@firebase/functions-compat Completed in 6346ms
144 timing metavuln:load:security-advisory:@firebase/functions-compat:bVgyiMuZWIfK68gZ+qY/+8Nt/YaSSZ2RuYa6rVeLDlzGpQN2WtLCkk2T0xAZ5lTBX0AcApWdRE0z3vdUdypT3A== Completed in 59ms
145 timing metavuln:cache:put:security-advisory:@firebase/functions-compat:Q6lIN/WoOBE/ErW+gorxaqXEJe+XvhQV0ThjE3IAs63Xkef2vYD/MFpxam+JNQyohS6i6KC39fOp4uYDNwyaGQ== Completed in 47ms
146 timing metavuln:calculate:security-advisory:@firebase/functions-compat:bVgyiMuZWIfK68gZ+qY/+8Nt/YaSSZ2RuYa6rVeLDlzGpQN2WtLCkk2T0xAZ5lTBX0AcApWdRE0z3vdUdypT3A== Completed in 6453ms
147 timing metavuln:cache:get:security-advisory:firebase:PHJEpCgpC3hy6amDF0oNH6iOPiz4QyGU78ho0IOFZpXgEs+KgvsRSKADgzyZsXUj6bz6bgLci+fNMJC4BzfapA== Completed in 113ms
148 timing metavuln:load:security-advisory:firebase:V5oMeKx/VYNilg17ih/DnfRYaqKbt8gnTZAb6sNEm0qqZYDVgAppbkA8pmiOvcJ5k3V0oSxPAyJwoW2mMFsnQQ== Completed in 8499ms
149 timing metavuln:cache:get:security-advisory:@firebase/storage-compat:eMbbWRitH6eVy3P1dCJt6pbMniWJOc1MNCwtkAZepqifEwCay8jG+kmzOAuyycFqiY6Yw8tkh+AszFRS/GmkeA== Completed in 8621ms
150 timing metavuln:cache:put:security-advisory:firebase:PHJEpCgpC3hy6amDF0oNH6iOPiz4QyGU78ho0IOFZpXgEs+KgvsRSKADgzyZsXUj6bz6bgLci+fNMJC4BzfapA== Completed in 78ms
151 timing metavuln:calculate:security-advisory:firebase:V5oMeKx/VYNilg17ih/DnfRYaqKbt8gnTZAb6sNEm0qqZYDVgAppbkA8pmiOvcJ5k3V0oSxPAyJwoW2mMFsnQQ== Completed in 8691ms
152 http fetch GET 200 https://registry.npmjs.org/@firebase%2fstorage-compat 12106ms (cache updated)
153 timing metavuln:packument:@firebase/storage-compat Completed in 12110ms
154 timing metavuln:load:security-advisory:@firebase/storage-compat:V5oMeKx/VYNilg17ih/DnfRYaqKbt8gnTZAb6sNEm0qqZYDVgAppbkA8pmiOvcJ5k3V0oSxPAyJwoW2mMFsnQQ== Completed in 81ms
155 timing metavuln:cache:put:security-advisory:@firebase/storage-compat:eMbbWRitH6eVy3P1dCJt6pbMniWJOc1MNCwtkAZepqifEwCay8jG+kmzOAuyycFqiY6Yw8tkh+AszFRS/GmkeA== Completed in 33ms
156 timing metavuln:calculate:security-advisory:@firebase/storage-compat:V5oMeKx/VYNilg17ih/DnfRYaqKbt8gnTZAb6sNEm0qqZYDVgAppbkA8pmiOvcJ5k3V0oSxPAyJwoW2mMFsnQQ== Completed in 12225ms
157 timing metavuln:cache:get:security-advisory:@firebase/firestore-compat:gU2gOIrR1V4DgsfNpWxInow6pzuL9pbywsZhCNd5HX2sgapgzlzd+Jxzt9KjF4C1PJnOo824TPPgQyhOH4O8iQ== Completed in 102ms
158 timing metavuln:cache:get:security-advisory:firebase:m9zO1jy0vwO1TWvBTucG3qEaMJdjqgL+4Ky6PkZfncpYW6kxXKRuGT36bOW2hUx7Ygmkpb+RCdatmXQBpxSg2A== Completed in 112ms
159 timing metavuln:load:security-advisory:firebase:ZYPy+Eubx2CxPFgSMKutSTqhnwmaETfuNExEBU+t9oIOuuIiWRm1CuqIi1xHGxyOue8nAWv6xUCtihN6khVhPQ== Completed in 5637ms
160 timing metavuln:cache:put:security-advisory:firebase:m9zO1jy0vwO1TWvBTucG3qEaMJdjqgL+4Ky6PkZfncpYW6kxXKRuGT36bOW2hUx7Ygmkpb+RCdatmXQBpxSg2A== Completed in 49ms
161 timing metavuln:calculate:security-advisory:firebase:ZYPy+Eubx2CxPFgSMKutSTqhnwmaETfuNExEBU+t9oIOuuIiWRm1CuqIi1xHGxyOue8nAWv6xUCtihN6khVhPQ== Completed in 5798ms
162 http fetch GET 200 https://registry.npmjs.org/@firebase%2ffirestore-compat 8476ms (cache updated)
163 timing metavuln:packument:@firebase/firestore-compat Completed in 8480ms
164 timing metavuln:load:security-advisory:@firebase/firestore-compat:ZYPy+Eubx2CxPFgSMKutSTqhnwmaETfuNExEBU+t9oIOuuIiWRm1CuqIi1xHGxyOue8nAWv6xUCtihN6khVhPQ== Completed in 55ms
165 timing metavuln:cache:put:security-advisory:@firebase/firestore-compat:gU2gOIrR1V4DgsfNpWxInow6pzuL9pbywsZhCNd5HX2sgapgzlzd+Jxzt9KjF4C1PJnOo824TPPgQyhOH4O8iQ== Completed in 25ms
166 timing metavuln:calculate:security-advisory:@firebase/firestore-compat:ZYPy+Eubx2CxPFgSMKutSTqhnwmaETfuNExEBU+t9oIOuuIiWRm1CuqIi1xHGxyOue8nAWv6xUCtihN6khVhPQ== Completed in 8561ms
167 timing metavuln:cache:get:security-advisory:svgo:OHZB6d+CGzzJH+SGXY8su3iJlNH1NaDqhuoKFdPTyWeAjlh6ziaxYy3xIs9UP2Db/gO8IGXhgy1CK5CKZYcXwQ== Completed in 73ms
168 http fetch GET 200 https://registry.npmjs.org/svgo 504ms (cache revalidated)
169 timing metavuln:packument:svgo Completed in 507ms
170 timing metavuln:load:security-advisory:svgo:QvKraIGpcyVxEwFP0qxpEFcY9Kx8ThCeiILkMKxPQIjEnGuEnh3anOmKy/kR5kMZzYPfqYeVltD9/X58U3TjZA== Completed in 1ms
171 timing metavuln:calculate:security-advisory:svgo:QvKraIGpcyVxEwFP0qxpEFcY9Kx8ThCeiILkMKxPQIjEnGuEnh3anOmKy/kR5kMZzYPfqYeVltD9/X58U3TjZA== Completed in 508ms
172 timing metavuln:cache:get:security-advisory:react-scripts:zmEA80MIqmb6WYZxmIgGMRB1FQlfXIPBmjKY90Io1CEmgSUf5vz10ud9ob5La6ZyEQrSXq9hnKQuriyWbfrPpg== Completed in 51ms
173 http fetch GET 200 https://registry.npmjs.org/react-scripts 487ms (cache revalidated)
174 timing metavuln:packument:react-scripts Completed in 494ms
175 timing metavuln:load:security-advisory:react-scripts:vIMY8vNwzPZQlD5JYm0liPGYen1JnF8FF0nRFLpAJkBV5bbH0v/ULMe1oVFpaBoNPBz9haG5YaF2Ou/yxRS+Kg== Completed in 1ms
176 timing metavuln:calculate:security-advisory:react-scripts:vIMY8vNwzPZQlD5JYm0liPGYen1JnF8FF0nRFLpAJkBV5bbH0v/ULMe1oVFpaBoNPBz9haG5YaF2Ou/yxRS+Kg== Completed in 495ms
177 timing metavuln:cache:get:security-advisory:firebase:0oN60AyRyLajKvygJMYnwIEjfcyg8QMAfFlNB635M4B59OaYZcA3cGFn4yTon4ZD/8TKNmrbjxu1HIfmjq+2bQ== Completed in 121ms
178 timing metavuln:load:security-advisory:firebase:Q6lIN/WoOBE/ErW+gorxaqXEJe+XvhQV0ThjE3IAs63Xkef2vYD/MFpxam+JNQyohS6i6KC39fOp4uYDNwyaGQ== Completed in 245ms
179 timing metavuln:cache:put:security-advisory:firebase:0oN60AyRyLajKvygJMYnwIEjfcyg8QMAfFlNB635M4B59OaYZcA3cGFn4yTon4ZD/8TKNmrbjxu1HIfmjq+2bQ== Completed in 18ms
180 timing metavuln:calculate:security-advisory:firebase:Q6lIN/WoOBE/ErW+gorxaqXEJe+XvhQV0ThjE3IAs63Xkef2vYD/MFpxam+JNQyohS6i6KC39fOp4uYDNwyaGQ== Completed in 384ms
181 timing metavuln:cache:get:security-advisory:firebase:Vnw+y9odkpPzwP0iLiltZ+9y4wuZ/pGyhPsrVfFAYK0//vzRNKb7MI8fPcSbs43ij7Maieqh4CbeC0X9yRlAkQ== Completed in 59ms
182 timing metavuln:load:security-advisory:firebase:eMbbWRitH6eVy3P1dCJt6pbMniWJOc1MNCwtkAZepqifEwCay8jG+kmzOAuyycFqiY6Yw8tkh+AszFRS/GmkeA== Completed in 241ms
183 timing metavuln:cache:put:security-advisory:firebase:Vnw+y9odkpPzwP0iLiltZ+9y4wuZ/pGyhPsrVfFAYK0//vzRNKb7MI8fPcSbs43ij7Maieqh4CbeC0X9yRlAkQ== Completed in 49ms
184 timing metavuln:calculate:security-advisory:firebase:eMbbWRitH6eVy3P1dCJt6pbMniWJOc1MNCwtkAZepqifEwCay8jG+kmzOAuyycFqiY6Yw8tkh+AszFRS/GmkeA== Completed in 349ms
185 timing metavuln:cache:get:security-advisory:firebase:SzBbYjmkk4fMZ1NPeNxab2s4sqW04roZNx82FFTSJZGCpNFNDV7+Gr0Ez+FKXog50p6thTP4UER1xYAMAzjGmw== Completed in 88ms
186 timing metavuln:load:security-advisory:firebase:gU2gOIrR1V4DgsfNpWxInow6pzuL9pbywsZhCNd5HX2sgapgzlzd+Jxzt9KjF4C1PJnOo824TPPgQyhOH4O8iQ== Completed in 248ms
187 timing metavuln:cache:put:security-advisory:firebase:SzBbYjmkk4fMZ1NPeNxab2s4sqW04roZNx82FFTSJZGCpNFNDV7+Gr0Ez+FKXog50p6thTP4UER1xYAMAzjGmw== Completed in 36ms
188 timing metavuln:calculate:security-advisory:firebase:gU2gOIrR1V4DgsfNpWxInow6pzuL9pbywsZhCNd5HX2sgapgzlzd+Jxzt9KjF4C1PJnOo824TPPgQyhOH4O8iQ== Completed in 373ms
189 timing metavuln:cache:get:security-advisory:@svgr/plugin-svgo:Y6Uz1R+7eFJi7z9OuDLVFqOqoa+KNEJXoDBaJOvNkGbMybgpFGFyUp3+/hgnlcnP6e++1CmOu8Xd7rAkpDq1oA== Completed in 71ms
190 http fetch GET 200 https://registry.npmjs.org/@svgr%2fplugin-svgo 267ms (cache revalidated)
191 timing metavuln:packument:@svgr/plugin-svgo Completed in 268ms
192 timing metavuln:load:security-advisory:@svgr/plugin-svgo:OHZB6d+CGzzJH+SGXY8su3iJlNH1NaDqhuoKFdPTyWeAjlh6ziaxYy3xIs9UP2Db/gO8IGXhgy1CK5CKZYcXwQ== Completed in 0ms
193 timing metavuln:calculate:security-advisory:@svgr/plugin-svgo:OHZB6d+CGzzJH+SGXY8su3iJlNH1NaDqhuoKFdPTyWeAjlh6ziaxYy3xIs9UP2Db/gO8IGXhgy1CK5CKZYcXwQ== Completed in 268ms
194 timing metavuln:cache:get:security-advisory:@svgr/webpack:9FU+S2nJEE9qkmhw2e9Qf+9r/PGgNQ8ZoC8exzk0iSJUeIPgYWWBDoxV2liO7htWV1W8bttqd7DeVRnSLtQfNA== Completed in 47ms
195 http fetch GET 200 https://registry.npmjs.org/@svgr%2fwebpack 181ms (cache revalidated)
196 timing metavuln:packument:@svgr/webpack Completed in 182ms
197 timing metavuln:load:security-advisory:@svgr/webpack:Y6Uz1R+7eFJi7z9OuDLVFqOqoa+KNEJXoDBaJOvNkGbMybgpFGFyUp3+/hgnlcnP6e++1CmOu8Xd7rAkpDq1oA== Completed in 0ms
198 timing metavuln:calculate:security-advisory:@svgr/webpack:Y6Uz1R+7eFJi7z9OuDLVFqOqoa+KNEJXoDBaJOvNkGbMybgpFGFyUp3+/hgnlcnP6e++1CmOu8Xd7rAkpDq1oA== Completed in 182ms
199 timing metavuln:cache:get:security-advisory:react-scripts:IxmbYQwbfx1OM+t5jacV0IuBwTPOeRze73fJRsKpJhch5By5il4jatxcvsPLEimK5AamC6GEhMc9hyiVH08NBg== Completed in 29ms
200 timing metavuln:load:security-advisory:react-scripts:9FU+S2nJEE9qkmhw2e9Qf+9r/PGgNQ8ZoC8exzk0iSJUeIPgYWWBDoxV2liO7htWV1W8bttqd7DeVRnSLtQfNA== Completed in 1ms
201 timing metavuln:calculate:security-advisory:react-scripts:9FU+S2nJEE9qkmhw2e9Qf+9r/PGgNQ8ZoC8exzk0iSJUeIPgYWWBDoxV2liO7htWV1W8bttqd7DeVRnSLtQfNA== Completed in 30ms
202 timing auditReport:init Completed in 359442ms
203 timing reify:audit Completed in 362513ms
204 timing reify Completed in 435192ms
205 silly ADD node_modules/react-hook-form
206 silly ADD
207 timing command:install Completed in 436013ms
208 verbose exit 0
209 timing npm Completed in 442161ms
210 info ok
