0 verbose cli [
0 verbose cli   'C:\\Program Files\\nodejs\\node.exe',
0 verbose cli   'C:\\Users\\Maymuna Islam Mim\\AppData\\Roaming\\npm\\node_modules\\npm\\bin\\npm-cli.js',
0 verbose cli   'ls',
0 verbose cli   '--depth',
0 verbose cli   '0',
0 verbose cli   '--json'
0 verbose cli ]
1 info using npm@8.3.0
2 info using node@v14.17.6
3 timing npm:load:whichnode Completed in 50ms
4 timing config:load:defaults Completed in 3ms
5 timing config:load:file:C:\Users\Maymuna Islam Mim\AppData\Roaming\npm\node_modules\npm\npmrc Completed in 237ms
6 timing config:load:builtin Completed in 237ms
7 timing config:load:cli Completed in 94ms
8 timing config:load:env Completed in 103ms
9 timing config:load:file:c:\projects\tourist-places\.npmrc Completed in 252ms
10 timing config:load:project Completed in 254ms
11 timing config:load:file:C:\Users\Maymuna Islam Mim\.npmrc Completed in 4ms
12 timing config:load:user Completed in 4ms
13 timing config:load:file:C:\Users\Maymuna Islam Mim\AppData\Roaming\npm\etc\npmrc Completed in 1ms
14 timing config:load:global Completed in 2ms
15 timing config:load:validate Completed in 0ms
16 timing config:load:credentials Completed in 55ms
17 timing config:load:setEnvs Completed in 0ms
18 timing config:load Completed in 752ms
19 timing npm:load:configload Completed in 752ms
20 timing npm:load:setTitle Completed in 14ms
21 timing config:load:flatten Completed in 89ms
22 timing npm:load:display Completed in 90ms
23 verbose logfile c:\projects\tourist-places\_logs\2022-01-24T17_44_30_543Z-debug-0.log
24 timing npm:load:logFile Completed in 760ms
25 timing npm:load:timers Completed in 0ms
26 timing npm:load:configScope Completed in 0ms
27 timing npm:load Completed in 1667ms
28 timing arborist:ctor Completed in 1ms
29 silly logfile start cleaning logs, removing 8 files
30 timing arborist:ctor Completed in 0ms
31 timing command:ls Completed in 34077ms
32 verbose exit 0
33 timing npm Completed in 80794ms
34 info ok
