0 verbose cli [
0 verbose cli   'C:\\Program Files\\nodejs\\node.exe',
0 verbose cli   'C:\\Users\\Maymuna Islam Mim\\AppData\\Roaming\\npm\\node_modules\\npm\\bin\\npm-cli.js',
0 verbose cli   'view',
0 verbose cli   '--json',
0 verbose cli   '@testing-library/react',
0 verbose cli   'description',
0 verbose cli   'dist-tags.latest',
0 verbose cli   'homepage',
0 verbose cli   'version'
0 verbose cli ]
1 info using npm@8.3.0
2 info using node@v14.17.6
3 timing npm:load:whichnode Completed in 53ms
4 timing config:load:defaults Completed in 4ms
5 timing config:load:file:C:\Users\Maymuna Islam Mim\AppData\Roaming\npm\node_modules\npm\npmrc Completed in 240ms
6 timing config:load:builtin Completed in 240ms
7 timing config:load:cli Completed in 72ms
8 timing config:load:env Completed in 125ms
9 timing config:load:file:c:\projects\tourist-places\.npmrc Completed in 242ms
10 timing config:load:project Completed in 243ms
11 timing config:load:file:C:\Users\Maymuna Islam Mim\.npmrc Completed in 4ms
12 timing config:load:user Completed in 4ms
13 timing config:load:file:C:\Users\Maymuna Islam Mim\AppData\Roaming\npm\etc\npmrc Completed in 8ms
14 timing config:load:global Completed in 8ms
15 timing config:load:validate Completed in 1ms
16 timing config:load:credentials Completed in 56ms
17 timing config:load:setEnvs Completed in 2ms
18 timing config:load Completed in 756ms
19 timing npm:load:configload Completed in 757ms
20 timing npm:load:setTitle Completed in 12ms
21 timing config:load:flatten Completed in 96ms
22 timing npm:load:display Completed in 97ms
23 verbose logfile c:\projects\tourist-places\_logs\2022-01-24T17_44_30_552Z-debug-0.log
24 timing npm:load:logFile Completed in 739ms
25 timing npm:load:timers Completed in 1ms
26 timing npm:load:configScope Completed in 0ms
27 timing npm:load Completed in 1660ms
28 silly logfile start cleaning logs, removing 8 files
29 timing command:view Completed in 13603ms
30 verbose exit 0
31 timing npm Completed in 45253ms
32 info ok
